查询：SELECT count(*), count(distinct(t.id)), count(distinct(t.kind_id)), count(distinct(t.production_year)), count(distinct(ci.id)), count(distinct(ci.person_id)), count(distinct(ci.movie_id)), count(distinct(ci.role_id)), count(distinct(mk.id)), count(distinct(mk.movie_id)), count(distinct(mk.keyword_id)) FROM title t,cast_info ci,movie_keyword mk WHERE t.id=ci.movie_id AND t.id=mk.movie_id AND ci.person_id=890821 AND ci.role_id=1 AND mk.keyword_id>3624 ;

结果：2,2,1,2,2,1,2,1,2,2,2
-------------------------------------------------------
查询：SELECT count(*), count(distinct(t.id)), count(distinct(t.kind_id)), count(distinct(t.production_year)), count(distinct(ci.id)), count(distinct(ci.person_id)), count(distinct(ci.movie_id)), count(distinct(ci.role_id)), count(distinct(mk.id)), count(distinct(mk.movie_id)), count(distinct(mk.keyword_id)) FROM title t,cast_info ci,movie_keyword mk WHERE t.id=ci.movie_id AND t.id=mk.movie_id AND t.kind_id<7 AND t.production_year=2003 AND ci.person_id<3759296 AND ci.role_id=10 ;

结果：1676524,3547,5,1,28589,20815,3547,1,79714,3547,19271
-------------------------------------------------------
查询：SELECT count(*), count(distinct(t.id)), count(distinct(t.kind_id)), count(distinct(t.production_year)), count(distinct(ci.id)), count(distinct(ci.person_id)), count(distinct(ci.movie_id)), count(distinct(ci.role_id)), count(distinct(mk.id)), count(distinct(mk.movie_id)), count(distinct(mk.keyword_id)) FROM title t,cast_info ci,movie_keyword mk WHERE t.id=ci.movie_id AND t.id=mk.movie_id AND ci.person_id>3028889 AND mk.keyword_id=6079 ;

结果：1511,147,6,58,1511,1425,147,9,147,147,1
-------------------------------------------------------
查询：SELECT count(*), count(distinct(t.id)), count(distinct(t.kind_id)), count(distinct(t.production_year)), count(distinct(ci.id)), count(distinct(ci.person_id)), count(distinct(ci.movie_id)), count(distinct(ci.role_id)), count(distinct(mk.id)), count(distinct(mk.movie_id)), count(distinct(mk.keyword_id)) FROM title t,cast_info ci,movie_keyword mk WHERE t.id=ci.movie_id AND t.id=mk.movie_id AND ci.role_id>5 AND mk.keyword_id>21497 ;

结果：14188528,180659,6,129,1600405,517523,180659,6,794869,180659,110534
-------------------------------------------------------
查询：SELECT count(*), count(distinct(t.id)), count(distinct(t.kind_id)), count(distinct(t.production_year)), count(distinct(ci.id)), count(distinct(ci.person_id)), count(distinct(ci.movie_id)), count(distinct(ci.role_id)), count(distinct(mk.id)), count(distinct(mk.movie_id)), count(distinct(mk.keyword_id)) FROM title t,cast_info ci,movie_keyword mk WHERE t.id=ci.movie_id AND t.id=mk.movie_id AND true ;

结果：213657116,462167,6,132,10830658,2314162,462167,11,4446802,462167,133606
-------------------------------------------------------
查询：SELECT count(*), count(distinct(t.id)), count(distinct(t.kind_id)), count(distinct(t.production_year)), count(distinct(ci.id)), count(distinct(ci.person_id)), count(distinct(ci.movie_id)), count(distinct(ci.role_id)), count(distinct(mk.id)), count(distinct(mk.movie_id)), count(distinct(mk.keyword_id)) FROM title t,cast_info ci,movie_keyword mk WHERE t.id=ci.movie_id AND t.id=mk.movie_id AND t.kind_id<7 AND mk.keyword_id<1046 ;

结果：40049954,283699,5,132,6794414,1905597,283699,11,902855,283699,1025
-------------------------------------------------------
查询：SELECT count(*), count(distinct(t.id)), count(distinct(t.kind_id)), count(distinct(t.production_year)), count(distinct(ci.id)), count(distinct(ci.person_id)), count(distinct(ci.movie_id)), count(distinct(ci.role_id)), count(distinct(mk.id)), count(distinct(mk.movie_id)), count(distinct(mk.keyword_id)) FROM title t,cast_info ci,movie_keyword mk WHERE t.id=ci.movie_id AND t.id=mk.movie_id AND t.kind_id>4 AND ci.role_id<4 ;

结果：14757949,99813,2,72,1761007,249907,99813,3,681441,99813,65846
-------------------------------------------------------
查询：SELECT count(*), count(distinct(t.id)), count(distinct(t.kind_id)), count(distinct(t.production_year)), count(distinct(ci.id)), count(distinct(ci.person_id)), count(distinct(ci.movie_id)), count(distinct(ci.role_id)), count(distinct(mk.id)), count(distinct(mk.movie_id)), count(distinct(mk.keyword_id)) FROM title t,cast_info ci,movie_keyword mk WHERE t.id=ci.movie_id AND t.id=mk.movie_id AND t.kind_id<7 AND t.production_year>2012 AND ci.role_id>2 AND mk.keyword_id<394 ;

结果：69763,2574,5,6,34330,24516,2574,9,4153,2574,228
-------------------------------------------------------
查询：SELECT count(*), count(distinct(t.id)), count(distinct(t.kind_id)), count(distinct(t.production_year)), count(distinct(ci.id)), count(distinct(ci.person_id)), count(distinct(ci.movie_id)), count(distinct(ci.role_id)), count(distinct(mk.id)), count(distinct(mk.movie_id)), count(distinct(mk.keyword_id)) FROM title t,cast_info ci,movie_keyword mk WHERE t.id=ci.movie_id AND t.id=mk.movie_id AND t.production_year=2006 ;

结果：10420260,19689,6,1,498370,228686,19689,11,181140,19689,30043
-------------------------------------------------------
查询：SELECT count(*), count(distinct(t.id)), count(distinct(t.kind_id)), count(distinct(t.production_year)), count(distinct(ci.id)), count(distinct(ci.person_id)), count(distinct(ci.movie_id)), count(distinct(ci.role_id)), count(distinct(mk.id)), count(distinct(mk.movie_id)), count(distinct(mk.keyword_id)) FROM title t,cast_info ci,movie_keyword mk WHERE t.id=ci.movie_id AND t.id=mk.movie_id AND t.kind_id<7 AND t.production_year<2009 AND ci.role_id<11 ;

结果：158446759,308388,5,122,6726773,1784273,308388,10,3300019,308388,109100
-------------------------------------------------------
查询：SELECT count(*), count(distinct(t.id)), count(distinct(t.kind_id)), count(distinct(t.production_year)), count(distinct(ci.id)), count(distinct(ci.person_id)), count(distinct(ci.movie_id)), count(distinct(ci.role_id)), count(distinct(mk.id)), count(distinct(mk.movie_id)), count(distinct(mk.keyword_id)) FROM title t,cast_info ci,movie_keyword mk WHERE t.id=ci.movie_id AND t.id=mk.movie_id AND t.production_year<1984 AND ci.role_id=2 ;

结果：8479383,107377,6,91,528353,132859,107377,1,1222481,107377,66493
-------------------------------------------------------
查询：SELECT count(*), count(distinct(t.id)), count(distinct(t.kind_id)), count(distinct(t.production_year)), count(distinct(ci.id)), count(distinct(ci.person_id)), count(distinct(ci.movie_id)), count(distinct(ci.role_id)), count(distinct(mk.id)), count(distinct(mk.movie_id)), count(distinct(mk.keyword_id)) FROM title t,cast_info ci,movie_keyword mk WHERE t.id=ci.movie_id AND t.id=mk.movie_id AND t.kind_id<7 AND mk.keyword_id<3660 ;

结果：85133406,326490,5,132,7553177,2087656,326490,11,1749776,326490,3586
-------------------------------------------------------
查询：SELECT count(*), count(distinct(t.id)), count(distinct(t.kind_id)), count(distinct(t.production_year)), count(distinct(ci.id)), count(distinct(ci.person_id)), count(distinct(ci.movie_id)), count(distinct(ci.role_id)), count(distinct(mk.id)), count(distinct(mk.movie_id)), count(distinct(mk.keyword_id)) FROM title t,cast_info ci,movie_keyword mk WHERE t.id=ci.movie_id AND t.id=mk.movie_id AND t.kind_id=7 AND t.production_year<2009 AND ci.role_id<3 ;

结果：6546132,73429,1,66,969220,168490,73429,2,445950,73429,50612
-------------------------------------------------------
查询：SELECT count(*), count(distinct(t.id)), count(distinct(t.kind_id)), count(distinct(t.production_year)), count(distinct(ci.id)), count(distinct(ci.person_id)), count(distinct(ci.movie_id)), count(distinct(ci.role_id)), count(distinct(mk.id)), count(distinct(mk.movie_id)), count(distinct(mk.keyword_id)) FROM title t,cast_info ci,movie_keyword mk WHERE t.id=ci.movie_id AND t.id=mk.movie_id AND mk.keyword_id<13738 ;

结果：154102815,437607,6,132,10372615,2257073,437607,11,3183087,437607,13710
-------------------------------------------------------
查询：SELECT count(*), count(distinct(t.id)), count(distinct(t.kind_id)), count(distinct(t.production_year)), count(distinct(ci.id)), count(distinct(ci.person_id)), count(distinct(ci.movie_id)), count(distinct(ci.role_id)), count(distinct(mk.id)), count(distinct(mk.movie_id)), count(distinct(mk.keyword_id)) FROM title t,cast_info ci,movie_keyword mk WHERE t.id=ci.movie_id AND t.id=mk.movie_id AND t.kind_id=7 AND t.production_year<1951 AND ci.person_id<891747 ;

结果：5137,217,1,7,855,448,217,8,1123,217,416
-------------------------------------------------------
查询：SELECT count(*), count(distinct(t.id)), count(distinct(t.kind_id)), count(distinct(t.production_year)), count(distinct(ci.id)), count(distinct(ci.person_id)), count(distinct(ci.movie_id)), count(distinct(ci.role_id)), count(distinct(mk.id)), count(distinct(mk.movie_id)), count(distinct(mk.keyword_id)) FROM title t,cast_info ci,movie_keyword mk WHERE t.id=ci.movie_id AND t.id=mk.movie_id AND t.kind_id>1 AND t.production_year<2007 AND ci.person_id<3027877 AND ci.role_id>1 ;

结果：13713401,167269,5,70,1731440,291785,167269,10,1053838,167269,64117
-------------------------------------------------------
查询：SELECT count(*), count(distinct(t.id)), count(distinct(t.kind_id)), count(distinct(t.production_year)), count(distinct(ci.id)), count(distinct(ci.person_id)), count(distinct(ci.movie_id)), count(distinct(ci.role_id)), count(distinct(mk.id)), count(distinct(mk.movie_id)), count(distinct(mk.keyword_id)) FROM title t,cast_info ci,movie_keyword mk WHERE t.id=ci.movie_id AND t.id=mk.movie_id AND mk.keyword_id<866 ;

结果：37565697,330462,6,130,8183668,1929733,330462,11,895938,330462,865
-------------------------------------------------------
查询：SELECT count(*), count(distinct(t.id)), count(distinct(t.kind_id)), count(distinct(t.production_year)), count(distinct(ci.id)), count(distinct(ci.person_id)), count(distinct(ci.movie_id)), count(distinct(ci.role_id)), count(distinct(mk.id)), count(distinct(mk.movie_id)), count(distinct(mk.keyword_id)) FROM title t,cast_info ci,movie_keyword mk WHERE t.id=ci.movie_id AND t.id=mk.movie_id AND t.kind_id>1 AND ci.person_id<869663 ;

结果：11133520,197255,5,80,1268624,205337,197255,11,1321218,197255,79942
-------------------------------------------------------
查询：SELECT count(*), count(distinct(t.id)), count(distinct(t.kind_id)), count(distinct(t.production_year)), count(distinct(ci.id)), count(distinct(ci.person_id)), count(distinct(ci.movie_id)), count(distinct(ci.role_id)), count(distinct(mk.id)), count(distinct(mk.movie_id)), count(distinct(mk.keyword_id)) FROM title t,cast_info ci,movie_keyword mk WHERE t.id=ci.movie_id AND t.id=mk.movie_id AND t.production_year>2007 AND ci.person_id<1564212 AND ci.role_id=1 AND mk.keyword_id=402 ;

结果：5474,377,6,7,5474,5066,377,1,377,377,1
-------------------------------------------------------
查询：SELECT count(*), count(distinct(t.id)), count(distinct(t.kind_id)), count(distinct(t.production_year)), count(distinct(ci.id)), count(distinct(ci.person_id)), count(distinct(ci.movie_id)), count(distinct(ci.role_id)), count(distinct(mk.id)), count(distinct(mk.movie_id)), count(distinct(mk.keyword_id)) FROM title t,cast_info ci,movie_keyword mk WHERE t.id=ci.movie_id AND t.id=mk.movie_id AND ci.person_id<2412591 AND ci.role_id>1 AND mk.keyword_id<2750 ;

结果：22031696,356985,6,130,2826874,534760,356985,10,1604335,356985,2740
-------------------------------------------------------
查询：SELECT count(*), count(distinct(t.id)), count(distinct(t.kind_id)), count(distinct(t.production_year)), count(distinct(ci.id)), count(distinct(ci.person_id)), count(distinct(ci.movie_id)), count(distinct(ci.role_id)), count(distinct(mk.id)), count(distinct(mk.movie_id)), count(distinct(mk.keyword_id)) FROM title t,cast_info ci,movie_keyword mk WHERE t.id=ci.movie_id AND t.id=mk.movie_id AND ci.person_id=1762636 AND ci.role_id>1 ;

结果：587,39,4,20,71,1,39,5,381,39,302
-------------------------------------------------------
查询：SELECT count(*), count(distinct(t.id)), count(distinct(t.kind_id)), count(distinct(t.production_year)), count(distinct(ci.id)), count(distinct(ci.person_id)), count(distinct(ci.movie_id)), count(distinct(ci.role_id)), count(distinct(mk.id)), count(distinct(mk.movie_id)), count(distinct(mk.keyword_id)) FROM title t,cast_info ci,movie_keyword mk WHERE t.id=ci.movie_id AND t.id=mk.movie_id AND t.kind_id=1 AND t.production_year<1970 AND ci.role_id>1 ;

结果：12778642,74865,1,83,759485,139093,74865,10,835548,74865,52698
-------------------------------------------------------
查询：SELECT count(*), count(distinct(t.id)), count(distinct(t.kind_id)), count(distinct(t.production_year)), count(distinct(ci.id)), count(distinct(ci.person_id)), count(distinct(ci.movie_id)), count(distinct(ci.role_id)), count(distinct(mk.id)), count(distinct(mk.movie_id)), count(distinct(mk.keyword_id)) FROM title t,cast_info ci,movie_keyword mk WHERE t.id=ci.movie_id AND t.id=mk.movie_id AND ci.role_id<8 AND mk.keyword_id=347 ;

结果：394789,10677,6,103,394789,203435,10677,7,10677,10677,1
-------------------------------------------------------
查询：SELECT count(*), count(distinct(t.id)), count(distinct(t.kind_id)), count(distinct(t.production_year)), count(distinct(ci.id)), count(distinct(ci.person_id)), count(distinct(ci.movie_id)), count(distinct(ci.role_id)), count(distinct(mk.id)), count(distinct(mk.movie_id)), count(distinct(mk.keyword_id)) FROM title t,cast_info ci,movie_keyword mk WHERE t.id=ci.movie_id AND t.id=mk.movie_id AND t.production_year>2004 AND ci.person_id>3521739 ;

结果：17429308,66462,6,11,465943,161275,66462,3,918030,66462,78698
-------------------------------------------------------
查询：SELECT count(*), count(distinct(t.id)), count(distinct(t.kind_id)), count(distinct(t.production_year)), count(distinct(ci.id)), count(distinct(ci.person_id)), count(distinct(ci.movie_id)), count(distinct(ci.role_id)), count(distinct(mk.id)), count(distinct(mk.movie_id)), count(distinct(mk.keyword_id)) FROM title t,cast_info ci,movie_keyword mk WHERE t.id=ci.movie_id AND t.id=mk.movie_id AND ci.role_id=10 AND mk.keyword_id=6632 ;

结果：350,25,3,22,350,345,25,1,25,25,1
-------------------------------------------------------
查询：SELECT count(*), count(distinct(t.id)), count(distinct(t.kind_id)), count(distinct(t.production_year)), count(distinct(ci.id)), count(distinct(ci.person_id)), count(distinct(ci.movie_id)), count(distinct(ci.role_id)), count(distinct(mk.id)), count(distinct(mk.movie_id)), count(distinct(mk.keyword_id)) FROM title t,cast_info ci,movie_keyword mk WHERE t.id=ci.movie_id AND t.id=mk.movie_id AND t.kind_id=7 AND t.production_year<1986 AND ci.role_id>10 ;

结果：21210,3261,1,36,3562,609,3261,1,19513,3261,7558
-------------------------------------------------------
查询：SELECT count(*), count(distinct(t.id)), count(distinct(t.kind_id)), count(distinct(t.production_year)), count(distinct(ci.id)), count(distinct(ci.person_id)), count(distinct(ci.movie_id)), count(distinct(ci.role_id)), count(distinct(mk.id)), count(distinct(mk.movie_id)), count(distinct(mk.keyword_id)) FROM title t,cast_info ci,movie_keyword mk WHERE t.id=ci.movie_id AND t.id=mk.movie_id AND ci.person_id>2452504 AND mk.keyword_id=786 ;

结果：45904,3423,6,105,45893,32326,3423,10,3425,3423,1
-------------------------------------------------------
查询：SELECT count(*), count(distinct(t.id)), count(distinct(t.kind_id)), count(distinct(t.production_year)), count(distinct(ci.id)), count(distinct(ci.person_id)), count(distinct(ci.movie_id)), count(distinct(ci.role_id)), count(distinct(mk.id)), count(distinct(mk.movie_id)), count(distinct(mk.keyword_id)) FROM title t,cast_info ci,movie_keyword mk WHERE t.id=ci.movie_id AND t.id=mk.movie_id AND mk.keyword_id>1198 ;

结果：165797029,385801,6,131,9431449,2130086,385801,11,3345518,385801,132409
-------------------------------------------------------
查询：SELECT count(*), count(distinct(t.id)), count(distinct(t.kind_id)), count(distinct(t.production_year)), count(distinct(ci.id)), count(distinct(ci.person_id)), count(distinct(ci.movie_id)), count(distinct(ci.role_id)), count(distinct(mk.id)), count(distinct(mk.movie_id)), count(distinct(mk.keyword_id)) FROM title t,cast_info ci,movie_keyword mk WHERE t.id=ci.movie_id AND t.id=mk.movie_id AND ci.person_id>1113347 AND ci.role_id<10 AND mk.keyword_id=8749 ;

结果：20359,759,5,87,20359,17394,759,9,759,759,1
-------------------------------------------------------
查询：SELECT count(*), count(distinct(t.id)), count(distinct(t.kind_id)), count(distinct(t.production_year)), count(distinct(ci.id)), count(distinct(ci.person_id)), count(distinct(ci.movie_id)), count(distinct(ci.role_id)), count(distinct(mk.id)), count(distinct(mk.movie_id)), count(distinct(mk.keyword_id)) FROM title t,cast_info ci,movie_keyword mk WHERE t.id=ci.movie_id AND t.id=mk.movie_id AND mk.keyword_id=65336 ;

结果：321,6,2,6,321,309,6,11,6,6,1
-------------------------------------------------------
查询：SELECT count(*), count(distinct(t.id)), count(distinct(t.kind_id)), count(distinct(t.production_year)), count(distinct(ci.id)), count(distinct(ci.person_id)), count(distinct(ci.movie_id)), count(distinct(ci.role_id)), count(distinct(mk.id)), count(distinct(mk.movie_id)), count(distinct(mk.keyword_id)) FROM title t,cast_info ci,movie_keyword mk WHERE t.id=ci.movie_id AND t.id=mk.movie_id AND t.kind_id<7 AND t.production_year>2012 AND mk.keyword_id>3311 ;

结果：855973,4194,5,6,112899,81310,4194,11,19125,4194,9922
-------------------------------------------------------
查询：SELECT count(*), count(distinct(t.id)), count(distinct(t.kind_id)), count(distinct(t.production_year)), count(distinct(ci.id)), count(distinct(ci.person_id)), count(distinct(ci.movie_id)), count(distinct(ci.role_id)), count(distinct(mk.id)), count(distinct(mk.movie_id)), count(distinct(mk.keyword_id)) FROM title t,cast_info ci,movie_keyword mk WHERE t.id=ci.movie_id AND t.id=mk.movie_id AND t.kind_id=1 AND mk.keyword_id>869 ;

结果：138188365,187542,1,131,5011985,1646885,187542,11,2318113,187542,110403
-------------------------------------------------------
查询：SELECT count(*), count(distinct(t.id)), count(distinct(t.kind_id)), count(distinct(t.production_year)), count(distinct(ci.id)), count(distinct(ci.person_id)), count(distinct(ci.movie_id)), count(distinct(ci.role_id)), count(distinct(mk.id)), count(distinct(mk.movie_id)), count(distinct(mk.keyword_id)) FROM title t,cast_info ci,movie_keyword mk WHERE t.id=ci.movie_id AND t.id=mk.movie_id AND ci.person_id<1452546 AND ci.role_id=10 ;

结果：8608899,95542,6,109,233329,58210,95542,1,1861078,95542,99605
-------------------------------------------------------
查询：SELECT count(*), count(distinct(t.id)), count(distinct(t.kind_id)), count(distinct(t.production_year)), count(distinct(ci.id)), count(distinct(ci.person_id)), count(distinct(ci.movie_id)), count(distinct(ci.role_id)), count(distinct(mk.id)), count(distinct(mk.movie_id)), count(distinct(mk.keyword_id)) FROM title t,cast_info ci,movie_keyword mk WHERE t.id=ci.movie_id AND t.id=mk.movie_id AND t.kind_id<7 AND t.production_year>1998 ;

结果：108275416,171663,5,20,3970278,1425583,171663,11,1754549,171663,92284
-------------------------------------------------------
查询：SELECT count(*), count(distinct(t.id)), count(distinct(t.kind_id)), count(distinct(t.production_year)), count(distinct(ci.id)), count(distinct(ci.person_id)), count(distinct(ci.movie_id)), count(distinct(ci.role_id)), count(distinct(mk.id)), count(distinct(mk.movie_id)), count(distinct(mk.keyword_id)) FROM title t,cast_info ci,movie_keyword mk WHERE t.id=ci.movie_id AND t.id=mk.movie_id AND t.production_year>2005 AND ci.person_id>1267340 ;

结果：49017779,132928,6,13,2351766,719732,132928,11,1223043,132928,87081
-------------------------------------------------------
查询：SELECT count(*), count(distinct(t.id)), count(distinct(t.kind_id)), count(distinct(t.production_year)), count(distinct(ci.id)), count(distinct(ci.person_id)), count(distinct(ci.movie_id)), count(distinct(ci.role_id)), count(distinct(mk.id)), count(distinct(mk.movie_id)), count(distinct(mk.keyword_id)) FROM title t,cast_info ci,movie_keyword mk WHERE t.id=ci.movie_id AND t.id=mk.movie_id AND t.production_year>1979 ;

结果：171795377,331930,6,39,8343478,1995710,331930,11,3169685,331930,119374
-------------------------------------------------------
查询：SELECT count(*), count(distinct(t.id)), count(distinct(t.kind_id)), count(distinct(t.production_year)), count(distinct(ci.id)), count(distinct(ci.person_id)), count(distinct(ci.movie_id)), count(distinct(ci.role_id)), count(distinct(mk.id)), count(distinct(mk.movie_id)), count(distinct(mk.keyword_id)) FROM title t,cast_info ci,movie_keyword mk WHERE t.id=ci.movie_id AND t.id=mk.movie_id AND ci.person_id=3024731 ;

结果：8,4,1,3,6,1,4,2,6,4,6
-------------------------------------------------------
查询：SELECT count(*), count(distinct(t.id)), count(distinct(t.kind_id)), count(distinct(t.production_year)), count(distinct(ci.id)), count(distinct(ci.person_id)), count(distinct(ci.movie_id)), count(distinct(ci.role_id)), count(distinct(mk.id)), count(distinct(mk.movie_id)), count(distinct(mk.keyword_id)) FROM title t,cast_info ci,movie_keyword mk WHERE t.id=ci.movie_id AND t.id=mk.movie_id AND t.production_year<1999 AND ci.person_id>2735076 AND mk.keyword_id=21538 ;

结果：2097,215,5,65,2097,1874,215,9,215,215,1
-------------------------------------------------------
查询：SELECT count(*), count(distinct(t.id)), count(distinct(t.kind_id)), count(distinct(t.production_year)), count(distinct(ci.id)), count(distinct(ci.person_id)), count(distinct(ci.movie_id)), count(distinct(ci.role_id)), count(distinct(mk.id)), count(distinct(mk.movie_id)), count(distinct(mk.keyword_id)) FROM title t,cast_info ci,movie_keyword mk WHERE t.id=ci.movie_id AND t.id=mk.movie_id AND t.kind_id>1 AND ci.person_id=3006302 AND ci.role_id>5 AND mk.keyword_id<16742 ;

结果：9,4,1,2,4,1,4,1,9,4,9
-------------------------------------------------------
查询：SELECT count(*), count(distinct(t.id)), count(distinct(t.kind_id)), count(distinct(t.production_year)), count(distinct(ci.id)), count(distinct(ci.person_id)), count(distinct(ci.movie_id)), count(distinct(ci.role_id)), count(distinct(mk.id)), count(distinct(mk.movie_id)), count(distinct(mk.keyword_id)) FROM title t,cast_info ci,movie_keyword mk WHERE t.id=ci.movie_id AND t.id=mk.movie_id AND t.kind_id>1 ;

结果：46364072,244054,5,81,5249216,951397,244054,11,1576244,244054,84126
-------------------------------------------------------
查询：SELECT count(*), count(distinct(t.id)), count(distinct(t.kind_id)), count(distinct(t.production_year)), count(distinct(ci.id)), count(distinct(ci.person_id)), count(distinct(ci.movie_id)), count(distinct(ci.role_id)), count(distinct(mk.id)), count(distinct(mk.movie_id)), count(distinct(mk.keyword_id)) FROM title t,cast_info ci,movie_keyword mk WHERE t.id=ci.movie_id AND t.id=mk.movie_id AND ci.role_id>1 AND mk.keyword_id>1770 ;

结果：97381997,371674,6,131,5864932,1356419,371674,10,3091655,371674,131355
-------------------------------------------------------
查询：SELECT count(*), count(distinct(t.id)), count(distinct(t.kind_id)), count(distinct(t.production_year)), count(distinct(ci.id)), count(distinct(ci.person_id)), count(distinct(ci.movie_id)), count(distinct(ci.role_id)), count(distinct(mk.id)), count(distinct(mk.movie_id)), count(distinct(mk.keyword_id)) FROM title t,cast_info ci,movie_keyword mk WHERE t.id=ci.movie_id AND t.id=mk.movie_id AND t.production_year<2008 AND ci.person_id<668833 AND mk.keyword_id<21135 ;

结果：27333754,276713,6,118,1666790,290443,276713,11,2578527,276713,20021
-------------------------------------------------------
查询：SELECT count(*), count(distinct(t.id)), count(distinct(t.kind_id)), count(distinct(t.production_year)), count(distinct(ci.id)), count(distinct(ci.person_id)), count(distinct(ci.movie_id)), count(distinct(ci.role_id)), count(distinct(mk.id)), count(distinct(mk.movie_id)), count(distinct(mk.keyword_id)) FROM title t,cast_info ci,movie_keyword mk WHERE t.id=ci.movie_id AND t.id=mk.movie_id AND t.kind_id>1 AND t.production_year=2006 AND ci.person_id<2335094 AND mk.keyword_id<36091 ;

结果：1540412,13003,5,1,188859,67607,13003,11,79900,13003,12060
-------------------------------------------------------
查询：SELECT count(*), count(distinct(t.id)), count(distinct(t.kind_id)), count(distinct(t.production_year)), count(distinct(ci.id)), count(distinct(ci.person_id)), count(distinct(ci.movie_id)), count(distinct(ci.role_id)), count(distinct(mk.id)), count(distinct(mk.movie_id)), count(distinct(mk.keyword_id)) FROM title t,cast_info ci,movie_keyword mk WHERE t.id=ci.movie_id AND t.id=mk.movie_id AND t.kind_id=6 AND ci.person_id<2907726 AND ci.role_id>10 AND mk.keyword_id<22128 ;

结果：901,47,1,21,55,52,47,1,644,47,484
-------------------------------------------------------
查询：SELECT count(*), count(distinct(t.id)), count(distinct(t.kind_id)), count(distinct(t.production_year)), count(distinct(ci.id)), count(distinct(ci.person_id)), count(distinct(ci.movie_id)), count(distinct(ci.role_id)), count(distinct(mk.id)), count(distinct(mk.movie_id)), count(distinct(mk.keyword_id)) FROM title t,cast_info ci,movie_keyword mk WHERE t.id=ci.movie_id AND t.id=mk.movie_id AND t.kind_id<7 ;

结果：191994544,364719,5,132,8102601,2212788,364719,11,3810706,364719,119893
-------------------------------------------------------
查询：SELECT count(*), count(distinct(t.id)), count(distinct(t.kind_id)), count(distinct(t.production_year)), count(distinct(ci.id)), count(distinct(ci.person_id)), count(distinct(ci.movie_id)), count(distinct(ci.role_id)), count(distinct(mk.id)), count(distinct(mk.movie_id)), count(distinct(mk.keyword_id)) FROM title t,cast_info ci,movie_keyword mk WHERE t.id=ci.movie_id AND t.id=mk.movie_id AND t.kind_id=1 AND t.production_year<2007 AND mk.keyword_id=20600 ;

结果：13126,327,1,78,13126,9967,327,11,327,327,1
-------------------------------------------------------
查询：SELECT count(*), count(distinct(t.id)), count(distinct(t.kind_id)), count(distinct(t.production_year)), count(distinct(ci.id)), count(distinct(ci.person_id)), count(distinct(ci.movie_id)), count(distinct(ci.role_id)), count(distinct(mk.id)), count(distinct(mk.movie_id)), count(distinct(mk.keyword_id)) FROM title t,cast_info ci,movie_keyword mk WHERE t.id=ci.movie_id AND t.id=mk.movie_id AND t.kind_id<2 AND t.production_year<1915 ;

结果：122765,6665,1,28,38283,8212,6665,11,16182,6665,3944
-------------------------------------------------------
查询：SELECT count(*), count(distinct(t.id)), count(distinct(t.kind_id)), count(distinct(t.production_year)), count(distinct(ci.id)), count(distinct(ci.person_id)), count(distinct(ci.movie_id)), count(distinct(ci.role_id)), count(distinct(mk.id)), count(distinct(mk.movie_id)), count(distinct(mk.keyword_id)) FROM title t,cast_info ci,movie_keyword mk WHERE t.id=ci.movie_id AND t.id=mk.movie_id AND t.kind_id>1 AND t.production_year>2003 AND mk.keyword_id=36605 ;

结果：2806,192,2,9,2806,1447,192,11,192,192,1
-------------------------------------------------------
查询：SELECT count(*), count(distinct(t.id)), count(distinct(t.kind_id)), count(distinct(t.production_year)), count(distinct(ci.id)), count(distinct(ci.person_id)), count(distinct(ci.movie_id)), count(distinct(ci.role_id)), count(distinct(mk.id)), count(distinct(mk.movie_id)), count(distinct(mk.keyword_id)) FROM title t,cast_info ci,movie_keyword mk WHERE t.id=ci.movie_id AND t.id=mk.movie_id AND t.kind_id<7 AND t.production_year>1922 AND ci.person_id<1038784 AND mk.keyword_id=58288 ;

结果：728,41,3,28,728,667,41,10,41,41,1
-------------------------------------------------------
查询：SELECT count(*), count(distinct(t.id)), count(distinct(t.kind_id)), count(distinct(t.production_year)), count(distinct(ci.id)), count(distinct(ci.person_id)), count(distinct(ci.movie_id)), count(distinct(ci.role_id)), count(distinct(mk.id)), count(distinct(mk.movie_id)), count(distinct(mk.keyword_id)) FROM title t,cast_info ci,movie_keyword mk WHERE t.id=ci.movie_id AND t.id=mk.movie_id AND t.kind_id<7 AND t.production_year>2001 AND ci.person_id=2726337 ;

结果：41,1,1,1,1,1,1,1,41,1,41
-------------------------------------------------------
查询：SELECT count(*), count(distinct(t.id)), count(distinct(t.kind_id)), count(distinct(t.production_year)), count(distinct(ci.id)), count(distinct(ci.person_id)), count(distinct(ci.movie_id)), count(distinct(ci.role_id)), count(distinct(mk.id)), count(distinct(mk.movie_id)), count(distinct(mk.keyword_id)) FROM title t,cast_info ci,movie_keyword mk WHERE t.id=ci.movie_id AND t.id=mk.movie_id AND mk.keyword_id=4678 ;

结果：32829,585,5,50,32829,26867,585,11,585,585,1
-------------------------------------------------------
查询：SELECT count(*), count(distinct(t.id)), count(distinct(t.kind_id)), count(distinct(t.production_year)), count(distinct(ci.id)), count(distinct(ci.person_id)), count(distinct(ci.movie_id)), count(distinct(ci.role_id)), count(distinct(mk.id)), count(distinct(mk.movie_id)), count(distinct(mk.keyword_id)) FROM title t,cast_info ci,movie_keyword mk WHERE t.id=ci.movie_id AND t.id=mk.movie_id AND t.production_year<1930 AND ci.role_id>1 ;

结果：833264,24337,1,43,142651,24351,24337,10,98611,24337,13252
-------------------------------------------------------
查询：SELECT count(*), count(distinct(t.id)), count(distinct(t.kind_id)), count(distinct(t.production_year)), count(distinct(ci.id)), count(distinct(ci.person_id)), count(distinct(ci.movie_id)), count(distinct(ci.role_id)), count(distinct(mk.id)), count(distinct(mk.movie_id)), count(distinct(mk.keyword_id)) FROM title t,cast_info ci,movie_keyword mk WHERE t.id=ci.movie_id AND t.id=mk.movie_id AND t.kind_id>1 AND t.production_year>2009 AND ci.role_id>1 ;

结果：5561524,28672,5,7,530285,126002,28672,10,206531,28672,37650
-------------------------------------------------------
查询：SELECT count(*), count(distinct(t.id)), count(distinct(t.kind_id)), count(distinct(t.production_year)), count(distinct(ci.id)), count(distinct(ci.person_id)), count(distinct(ci.movie_id)), count(distinct(ci.role_id)), count(distinct(mk.id)), count(distinct(mk.movie_id)), count(distinct(mk.keyword_id)) FROM title t,cast_info ci,movie_keyword mk WHERE t.id=ci.movie_id AND t.id=mk.movie_id AND t.production_year=2007 ;

结果：10848039,19646,6,1,495147,231718,19646,11,180785,19646,30887
-------------------------------------------------------
查询：SELECT count(*), count(distinct(t.id)), count(distinct(t.kind_id)), count(distinct(t.production_year)), count(distinct(ci.id)), count(distinct(ci.person_id)), count(distinct(ci.movie_id)), count(distinct(ci.role_id)), count(distinct(mk.id)), count(distinct(mk.movie_id)), count(distinct(mk.keyword_id)) FROM title t,cast_info ci,movie_keyword mk WHERE t.id=ci.movie_id AND t.id=mk.movie_id AND ci.person_id>685546 AND ci.role_id<3 ;

结果：81717288,404087,6,125,4496304,1129848,404087,2,4134973,404087,128788
-------------------------------------------------------
查询：SELECT count(*), count(distinct(t.id)), count(distinct(t.kind_id)), count(distinct(t.production_year)), count(distinct(ci.id)), count(distinct(ci.person_id)), count(distinct(ci.movie_id)), count(distinct(ci.role_id)), count(distinct(mk.id)), count(distinct(mk.movie_id)), count(distinct(mk.keyword_id)) FROM title t,cast_info ci,movie_keyword mk WHERE t.id=ci.movie_id AND t.id=mk.movie_id AND t.kind_id<4 AND t.production_year<1956 AND ci.role_id=10 AND mk.keyword_id<10926 ;

结果：526141,13889,3,53,26766,9862,13889,1,202403,13889,6956
-------------------------------------------------------
查询：SELECT count(*), count(distinct(t.id)), count(distinct(t.kind_id)), count(distinct(t.production_year)), count(distinct(ci.id)), count(distinct(ci.person_id)), count(distinct(ci.movie_id)), count(distinct(ci.role_id)), count(distinct(mk.id)), count(distinct(mk.movie_id)), count(distinct(mk.keyword_id)) FROM title t,cast_info ci,movie_keyword mk WHERE t.id=ci.movie_id AND t.id=mk.movie_id AND t.production_year>1964 AND ci.role_id<10 AND mk.keyword_id=14022 ;

结果：131,7,3,5,131,96,7,9,7,7,1
-------------------------------------------------------
查询：SELECT count(*), count(distinct(t.id)), count(distinct(t.kind_id)), count(distinct(t.production_year)), count(distinct(ci.id)), count(distinct(ci.person_id)), count(distinct(ci.movie_id)), count(distinct(ci.role_id)), count(distinct(mk.id)), count(distinct(mk.movie_id)), count(distinct(mk.keyword_id)) FROM title t,cast_info ci,movie_keyword mk WHERE t.id=ci.movie_id AND t.id=mk.movie_id AND t.kind_id<7 AND mk.keyword_id>3660 ;

结果：106722677,270254,5,131,6407956,1894116,270254,11,2053509,270254,116306
-------------------------------------------------------
查询：SELECT count(*), count(distinct(t.id)), count(distinct(t.kind_id)), count(distinct(t.production_year)), count(distinct(ci.id)), count(distinct(ci.person_id)), count(distinct(ci.movie_id)), count(distinct(ci.role_id)), count(distinct(mk.id)), count(distinct(mk.movie_id)), count(distinct(mk.keyword_id)) FROM title t,cast_info ci,movie_keyword mk WHERE t.id=ci.movie_id AND t.id=mk.movie_id AND ci.role_id=10 AND mk.keyword_id=1748 ;

结果：24146,782,6,62,24146,18053,782,1,782,782,1
-------------------------------------------------------
查询：SELECT count(*), count(distinct(t.id)), count(distinct(t.kind_id)), count(distinct(t.production_year)), count(distinct(ci.id)), count(distinct(ci.person_id)), count(distinct(ci.movie_id)), count(distinct(ci.role_id)), count(distinct(mk.id)), count(distinct(mk.movie_id)), count(distinct(mk.keyword_id)) FROM title t,cast_info ci,movie_keyword mk WHERE t.id=ci.movie_id AND t.id=mk.movie_id AND t.production_year>1992 ;

结果：146940171,275201,6,26,6983948,1722249,275201,11,2594529,275201,112796
-------------------------------------------------------
查询：SELECT count(*), count(distinct(t.id)), count(distinct(t.kind_id)), count(distinct(t.production_year)), count(distinct(ci.id)), count(distinct(ci.person_id)), count(distinct(ci.movie_id)), count(distinct(ci.role_id)), count(distinct(mk.id)), count(distinct(mk.movie_id)), count(distinct(mk.keyword_id)) FROM title t,cast_info ci,movie_keyword mk WHERE t.id=ci.movie_id AND t.id=mk.movie_id AND t.kind_id>1 AND t.production_year>1998 AND ci.person_id>2454146 AND ci.role_id>10 ;

结果：164960,16494,5,16,17383,3682,16494,1,157553,16494,29919
-------------------------------------------------------
查询：SELECT count(*), count(distinct(t.id)), count(distinct(t.kind_id)), count(distinct(t.production_year)), count(distinct(ci.id)), count(distinct(ci.person_id)), count(distinct(ci.movie_id)), count(distinct(ci.role_id)), count(distinct(mk.id)), count(distinct(mk.movie_id)), count(distinct(mk.keyword_id)) FROM title t,cast_info ci,movie_keyword mk WHERE t.id=ci.movie_id AND t.id=mk.movie_id AND t.kind_id=1 AND t.production_year=1995 AND ci.role_id>2 AND mk.keyword_id=2867 ;

结果：889,22,1,1,889,845,22,9,22,22,1
-------------------------------------------------------
查询：SELECT count(*), count(distinct(t.id)), count(distinct(t.kind_id)), count(distinct(t.production_year)), count(distinct(ci.id)), count(distinct(ci.person_id)), count(distinct(ci.movie_id)), count(distinct(ci.role_id)), count(distinct(mk.id)), count(distinct(mk.movie_id)), count(distinct(mk.keyword_id)) FROM title t,cast_info ci,movie_keyword mk WHERE t.id=ci.movie_id AND t.id=mk.movie_id AND t.production_year=1976 AND ci.person_id>2041690 AND mk.keyword_id<110 ;

结果：6671,504,5,1,4599,4004,504,10,659,504,64
-------------------------------------------------------
查询：SELECT count(*), count(distinct(t.id)), count(distinct(t.kind_id)), count(distinct(t.production_year)), count(distinct(ci.id)), count(distinct(ci.person_id)), count(distinct(ci.movie_id)), count(distinct(ci.role_id)), count(distinct(mk.id)), count(distinct(mk.movie_id)), count(distinct(mk.keyword_id)) FROM title t,cast_info ci,movie_keyword mk WHERE t.id=ci.movie_id AND t.id=mk.movie_id AND t.kind_id>1 AND ci.role_id=9 ;

结果：1038524,97140,5,72,130989,32738,97140,1,771906,97140,70319
-------------------------------------------------------
查询：SELECT count(*), count(distinct(t.id)), count(distinct(t.kind_id)), count(distinct(t.production_year)), count(distinct(ci.id)), count(distinct(ci.person_id)), count(distinct(ci.movie_id)), count(distinct(ci.role_id)), count(distinct(mk.id)), count(distinct(mk.movie_id)), count(distinct(mk.keyword_id)) FROM title t,cast_info ci,movie_keyword mk WHERE t.id=ci.movie_id AND t.id=mk.movie_id AND t.kind_id=1 AND mk.keyword_id>80801 ;

结果：5565760,36654,1,126,1543764,676012,36654,11,91602,36654,48595
-------------------------------------------------------
查询：SELECT count(*), count(distinct(t.id)), count(distinct(t.kind_id)), count(distinct(t.production_year)), count(distinct(ci.id)), count(distinct(ci.person_id)), count(distinct(ci.movie_id)), count(distinct(ci.role_id)), count(distinct(mk.id)), count(distinct(mk.movie_id)), count(distinct(mk.keyword_id)) FROM title t,cast_info ci,movie_keyword mk WHERE t.id=ci.movie_id AND t.id=mk.movie_id AND t.kind_id<7 AND t.production_year<2003 AND mk.keyword_id=1651 ;

结果：21921,414,5,83,21921,18237,414,11,414,414,1
-------------------------------------------------------
查询：SELECT count(*), count(distinct(t.id)), count(distinct(t.kind_id)), count(distinct(t.production_year)), count(distinct(ci.id)), count(distinct(ci.person_id)), count(distinct(ci.movie_id)), count(distinct(ci.role_id)), count(distinct(mk.id)), count(distinct(mk.movie_id)), count(distinct(mk.keyword_id)) FROM title t,cast_info ci,movie_keyword mk WHERE t.id=ci.movie_id AND t.id=mk.movie_id AND mk.keyword_id=18717 ;

结果：8491,192,6,60,8491,7135,192,11,192,192,1
-------------------------------------------------------
查询：SELECT count(*), count(distinct(t.id)), count(distinct(t.kind_id)), count(distinct(t.production_year)), count(distinct(ci.id)), count(distinct(ci.person_id)), count(distinct(ci.movie_id)), count(distinct(ci.role_id)), count(distinct(mk.id)), count(distinct(mk.movie_id)), count(distinct(mk.keyword_id)) FROM title t,cast_info ci,movie_keyword mk WHERE t.id=ci.movie_id AND t.id=mk.movie_id AND t.kind_id=7 AND mk.keyword_id=2342 ;

结果：5227,94,1,25,5227,3633,94,11,94,94,1
-------------------------------------------------------
查询：SELECT count(*), count(distinct(t.id)), count(distinct(t.kind_id)), count(distinct(t.production_year)), count(distinct(ci.id)), count(distinct(ci.person_id)), count(distinct(ci.movie_id)), count(distinct(ci.role_id)), count(distinct(mk.id)), count(distinct(mk.movie_id)), count(distinct(mk.keyword_id)) FROM title t,cast_info ci,movie_keyword mk WHERE t.id=ci.movie_id AND t.id=mk.movie_id AND t.kind_id>3 AND t.production_year=2012 ;

结果：1424469,5518,3,1,142881,40824,5518,11,41143,5518,13660
-------------------------------------------------------
查询：SELECT count(*), count(distinct(t.id)), count(distinct(t.kind_id)), count(distinct(t.production_year)), count(distinct(ci.id)), count(distinct(ci.person_id)), count(distinct(ci.movie_id)), count(distinct(ci.role_id)), count(distinct(mk.id)), count(distinct(mk.movie_id)), count(distinct(mk.keyword_id)) FROM title t,cast_info ci,movie_keyword mk WHERE t.id=ci.movie_id AND t.id=mk.movie_id AND t.production_year=1973 AND ci.person_id>95272 ;

结果：1143548,3057,6,1,63679,38709,3057,11,35184,3057,11593
-------------------------------------------------------
查询：SELECT count(*), count(distinct(t.id)), count(distinct(t.kind_id)), count(distinct(t.production_year)), count(distinct(ci.id)), count(distinct(ci.person_id)), count(distinct(ci.movie_id)), count(distinct(ci.role_id)), count(distinct(mk.id)), count(distinct(mk.movie_id)), count(distinct(mk.keyword_id)) FROM title t,cast_info ci,movie_keyword mk WHERE t.id=ci.movie_id AND t.id=mk.movie_id AND ci.person_id>1147296 AND ci.role_id>10 ;

结果：1348309,75553,6,112,82504,22005,75553,1,1253769,75553,81360
-------------------------------------------------------
查询：SELECT count(*), count(distinct(t.id)), count(distinct(t.kind_id)), count(distinct(t.production_year)), count(distinct(ci.id)), count(distinct(ci.person_id)), count(distinct(ci.movie_id)), count(distinct(ci.role_id)), count(distinct(mk.id)), count(distinct(mk.movie_id)), count(distinct(mk.keyword_id)) FROM title t,cast_info ci,movie_keyword mk WHERE t.id=ci.movie_id AND t.id=mk.movie_id AND t.production_year=1976 AND ci.person_id>777652 AND ci.role_id<10 ;

结果：687956,3061,5,1,46016,28912,3061,9,32390,3061,10549
-------------------------------------------------------
查询：SELECT count(*), count(distinct(t.id)), count(distinct(t.kind_id)), count(distinct(t.production_year)), count(distinct(ci.id)), count(distinct(ci.person_id)), count(distinct(ci.movie_id)), count(distinct(ci.role_id)), count(distinct(mk.id)), count(distinct(mk.movie_id)), count(distinct(mk.keyword_id)) FROM title t,cast_info ci,movie_keyword mk WHERE t.id=ci.movie_id AND t.id=mk.movie_id AND ci.role_id>10 ;

结果：1846209,93508,6,122,102579,25032,93508,1,1711903,93508,93086
-------------------------------------------------------
查询：SELECT count(*), count(distinct(t.id)), count(distinct(t.kind_id)), count(distinct(t.production_year)), count(distinct(ci.id)), count(distinct(ci.person_id)), count(distinct(ci.movie_id)), count(distinct(ci.role_id)), count(distinct(mk.id)), count(distinct(mk.movie_id)), count(distinct(mk.keyword_id)) FROM title t,cast_info ci,movie_keyword mk WHERE t.id=ci.movie_id AND t.id=mk.movie_id AND mk.keyword_id>2682 ;

结果：136002180,355268,6,131,8818929,2022971,355268,11,2770325,355268,130926
-------------------------------------------------------
查询：SELECT count(*), count(distinct(t.id)), count(distinct(t.kind_id)), count(distinct(t.production_year)), count(distinct(ci.id)), count(distinct(ci.person_id)), count(distinct(ci.movie_id)), count(distinct(ci.role_id)), count(distinct(mk.id)), count(distinct(mk.movie_id)), count(distinct(mk.keyword_id)) FROM title t,cast_info ci,movie_keyword mk WHERE t.id=ci.movie_id AND t.id=mk.movie_id AND mk.keyword_id<245 ;

结果：12133809,167499,6,125,4945130,1368892,167499,11,291106,167499,244
-------------------------------------------------------
查询：SELECT count(*), count(distinct(t.id)), count(distinct(t.kind_id)), count(distinct(t.production_year)), count(distinct(ci.id)), count(distinct(ci.person_id)), count(distinct(ci.movie_id)), count(distinct(ci.role_id)), count(distinct(mk.id)), count(distinct(mk.movie_id)), count(distinct(mk.keyword_id)) FROM title t,cast_info ci,movie_keyword mk WHERE t.id=ci.movie_id AND t.id=mk.movie_id AND ci.person_id>179031 AND ci.role_id=3 AND mk.keyword_id<6241 ;

结果：8285289,272037,6,128,894134,227157,272037,1,2013367,272037,6211
-------------------------------------------------------
查询：SELECT count(*), count(distinct(t.id)), count(distinct(t.kind_id)), count(distinct(t.production_year)), count(distinct(ci.id)), count(distinct(ci.person_id)), count(distinct(ci.movie_id)), count(distinct(ci.role_id)), count(distinct(mk.id)), count(distinct(mk.movie_id)), count(distinct(mk.keyword_id)) FROM title t,cast_info ci,movie_keyword mk WHERE t.id=ci.movie_id AND t.id=mk.movie_id AND t.production_year=2010 AND ci.person_id>2472125 ;

结果：4307137,16344,6,1,185215,84312,16344,10,165156,16344,34223
-------------------------------------------------------
查询：SELECT count(*), count(distinct(t.id)), count(distinct(t.kind_id)), count(distinct(t.production_year)), count(distinct(ci.id)), count(distinct(ci.person_id)), count(distinct(ci.movie_id)), count(distinct(ci.role_id)), count(distinct(mk.id)), count(distinct(mk.movie_id)), count(distinct(mk.keyword_id)) FROM title t,cast_info ci,movie_keyword mk WHERE t.id=ci.movie_id AND t.id=mk.movie_id AND t.production_year<2005 AND ci.person_id>346132 AND ci.role_id=8 AND mk.keyword_id>11039 ;

结果：817882,133359,6,115,146983,40782,133359,1,746755,133359,86117
-------------------------------------------------------
查询：SELECT count(*), count(distinct(t.id)), count(distinct(t.kind_id)), count(distinct(t.production_year)), count(distinct(ci.id)), count(distinct(ci.person_id)), count(distinct(ci.movie_id)), count(distinct(ci.role_id)), count(distinct(mk.id)), count(distinct(mk.movie_id)), count(distinct(mk.keyword_id)) FROM title t,cast_info ci,movie_keyword mk WHERE t.id=ci.movie_id AND t.id=mk.movie_id AND t.kind_id<7 AND t.production_year=1973 AND ci.person_id<3704004 AND ci.role_id=1 ;

结果：533768,2209,4,1,25151,17355,2209,1,29852,2209,9893
-------------------------------------------------------
查询：SELECT count(*), count(distinct(t.id)), count(distinct(t.kind_id)), count(distinct(t.production_year)), count(distinct(ci.id)), count(distinct(ci.person_id)), count(distinct(ci.movie_id)), count(distinct(ci.role_id)), count(distinct(mk.id)), count(distinct(mk.movie_id)), count(distinct(mk.keyword_id)) FROM title t,cast_info ci,movie_keyword mk WHERE t.id=ci.movie_id AND t.id=mk.movie_id AND mk.keyword_id>71992 ;

结果：8965929,70000,4,127,2416200,953640,70000,11,170237,70000,61983
-------------------------------------------------------
查询：SELECT count(*), count(distinct(t.id)), count(distinct(t.kind_id)), count(distinct(t.production_year)), count(distinct(ci.id)), count(distinct(ci.person_id)), count(distinct(ci.movie_id)), count(distinct(ci.role_id)), count(distinct(mk.id)), count(distinct(mk.movie_id)), count(distinct(mk.keyword_id)) FROM title t,cast_info ci,movie_keyword mk WHERE t.id=ci.movie_id AND t.id=mk.movie_id AND t.kind_id=4 AND t.production_year>2009 AND ci.person_id>1935769 AND mk.keyword_id>2064 ;

结果：240409,7132,1,4,43933,15382,7132,10,28158,7132,6724
-------------------------------------------------------
查询：SELECT count(*), count(distinct(t.id)), count(distinct(t.kind_id)), count(distinct(t.production_year)), count(distinct(ci.id)), count(distinct(ci.person_id)), count(distinct(ci.movie_id)), count(distinct(ci.role_id)), count(distinct(mk.id)), count(distinct(mk.movie_id)), count(distinct(mk.keyword_id)) FROM title t,cast_info ci,movie_keyword mk WHERE t.id=ci.movie_id AND t.id=mk.movie_id AND t.kind_id=7 AND t.production_year=2010 AND ci.person_id>4010120 AND ci.role_id=11 ;

结果：7566,816,1,1,827,140,816,1,7524,816,3935
-------------------------------------------------------
查询：SELECT count(*), count(distinct(t.id)), count(distinct(t.kind_id)), count(distinct(t.production_year)), count(distinct(ci.id)), count(distinct(ci.person_id)), count(distinct(ci.movie_id)), count(distinct(ci.role_id)), count(distinct(mk.id)), count(distinct(mk.movie_id)), count(distinct(mk.keyword_id)) FROM title t,cast_info ci,movie_keyword mk WHERE t.id=ci.movie_id AND t.id=mk.movie_id AND mk.keyword_id<2821 ;

结果：78927261,392079,6,132,9496467,2148841,392079,11,1700683,392079,2818
-------------------------------------------------------
查询：SELECT count(*), count(distinct(t.id)), count(distinct(t.kind_id)), count(distinct(t.production_year)), count(distinct(ci.id)), count(distinct(ci.person_id)), count(distinct(ci.movie_id)), count(distinct(ci.role_id)), count(distinct(mk.id)), count(distinct(mk.movie_id)), count(distinct(mk.keyword_id)) FROM title t,cast_info ci,movie_keyword mk WHERE t.id=ci.movie_id AND t.id=mk.movie_id AND ci.person_id<2693639 ;

结果：150652730,445654,6,131,7937540,1557848,445654,11,4367704,445654,132384
-------------------------------------------------------
查询：SELECT count(*), count(distinct(t.id)), count(distinct(t.kind_id)), count(distinct(t.production_year)), count(distinct(ci.id)), count(distinct(ci.person_id)), count(distinct(ci.movie_id)), count(distinct(ci.role_id)), count(distinct(mk.id)), count(distinct(mk.movie_id)), count(distinct(mk.keyword_id)) FROM title t,cast_info ci,movie_keyword mk WHERE t.id=ci.movie_id AND t.id=mk.movie_id AND t.kind_id>1 AND t.production_year<1991 AND mk.keyword_id<5995 ;

结果：3857532,50877,5,55,904199,226896,50877,11,177951,50877,4863
-------------------------------------------------------
查询：SELECT count(*), count(distinct(t.id)), count(distinct(t.kind_id)), count(distinct(t.production_year)), count(distinct(ci.id)), count(distinct(ci.person_id)), count(distinct(ci.movie_id)), count(distinct(ci.role_id)), count(distinct(mk.id)), count(distinct(mk.movie_id)), count(distinct(mk.keyword_id)) FROM title t,cast_info ci,movie_keyword mk WHERE t.id=ci.movie_id AND t.id=mk.movie_id AND mk.keyword_id<11429 ;

结果：145474394,433807,6,132,10285300,2247519,433807,11,3016415,433807,11407
-------------------------------------------------------
查询：SELECT count(*), count(distinct(t.id)), count(distinct(t.kind_id)), count(distinct(t.production_year)), count(distinct(ci.id)), count(distinct(ci.person_id)), count(distinct(ci.movie_id)), count(distinct(ci.role_id)), count(distinct(mk.id)), count(distinct(mk.movie_id)), count(distinct(mk.keyword_id)) FROM title t,cast_info ci,movie_keyword mk WHERE t.id=ci.movie_id AND t.id=mk.movie_id AND t.kind_id<7 AND t.production_year=1918 ;

结果：51942,1150,1,1,13002,5315,1150,11,4077,1150,1261
-------------------------------------------------------
查询：SELECT count(*), count(distinct(t.id)), count(distinct(t.kind_id)), count(distinct(t.production_year)), count(distinct(ci.id)), count(distinct(ci.person_id)), count(distinct(ci.movie_id)), count(distinct(ci.role_id)), count(distinct(mk.id)), count(distinct(mk.movie_id)), count(distinct(mk.keyword_id)) FROM title t,cast_info ci,movie_keyword mk WHERE t.id=ci.movie_id AND t.id=mk.movie_id AND t.kind_id<7 AND t.production_year<2011 AND ci.person_id<410658 AND ci.role_id<10 ;

结果：20082945,221915,5,121,892882,202224,221915,9,2951959,221915,107275
-------------------------------------------------------
查询：SELECT count(*), count(distinct(t.id)), count(distinct(t.kind_id)), count(distinct(t.production_year)), count(distinct(ci.id)), count(distinct(ci.person_id)), count(distinct(ci.movie_id)), count(distinct(ci.role_id)), count(distinct(mk.id)), count(distinct(mk.movie_id)), count(distinct(mk.keyword_id)) FROM title t,cast_info ci,movie_keyword mk WHERE t.id=ci.movie_id AND t.id=mk.movie_id AND ci.person_id<3859779 AND ci.role_id>10 ;

结果：1154880,51868,6,122,54330,11707,51868,1,1107660,51868,77927
-------------------------------------------------------
查询：SELECT count(*), count(distinct(t.id)), count(distinct(t.kind_id)), count(distinct(t.production_year)), count(distinct(ci.id)), count(distinct(ci.person_id)), count(distinct(ci.movie_id)), count(distinct(ci.role_id)), count(distinct(mk.id)), count(distinct(mk.movie_id)), count(distinct(mk.keyword_id)) FROM title t,cast_info ci,movie_keyword mk WHERE t.id=ci.movie_id AND t.id=mk.movie_id AND t.kind_id>2 AND mk.keyword_id=9506 ;

结果：2800,76,4,31,2800,2381,76,11,76,76,1
-------------------------------------------------------
查询：SELECT count(*), count(distinct(t.id)), count(distinct(t.kind_id)), count(distinct(t.production_year)), count(distinct(ci.id)), count(distinct(ci.person_id)), count(distinct(ci.movie_id)), count(distinct(ci.role_id)), count(distinct(mk.id)), count(distinct(mk.movie_id)), count(distinct(mk.keyword_id)) FROM title t,cast_info ci,movie_keyword mk WHERE t.id=ci.movie_id AND t.id=mk.movie_id AND mk.keyword_id=20875 ;

结果：3102,72,6,41,3102,2884,72,11,72,72,1
-------------------------------------------------------
查询：SELECT count(*), count(distinct(t.id)), count(distinct(t.kind_id)), count(distinct(t.production_year)), count(distinct(ci.id)), count(distinct(ci.person_id)), count(distinct(ci.movie_id)), count(distinct(ci.role_id)), count(distinct(mk.id)), count(distinct(mk.movie_id)), count(distinct(mk.keyword_id)) FROM title t,cast_info ci,movie_keyword mk WHERE t.id=ci.movie_id AND t.id=mk.movie_id AND t.kind_id>1 AND t.production_year<1979 AND ci.role_id<11 AND mk.keyword_id>500 ;

结果：2644336,22778,5,43,387014,88441,22778,10,131505,22778,27362
-------------------------------------------------------
查询：SELECT count(*), count(distinct(t.id)), count(distinct(t.kind_id)), count(distinct(t.production_year)), count(distinct(ci.id)), count(distinct(ci.person_id)), count(distinct(ci.movie_id)), count(distinct(ci.role_id)), count(distinct(mk.id)), count(distinct(mk.movie_id)), count(distinct(mk.keyword_id)) FROM title t,cast_info ci,movie_keyword mk WHERE t.id=ci.movie_id AND t.id=mk.movie_id AND ci.person_id>1000277 AND ci.role_id<2 AND mk.keyword_id<476 ;

结果：3679545,217553,6,125,1155700,302986,217553,1,496459,217553,471
-------------------------------------------------------
查询：SELECT count(*), count(distinct(t.id)), count(distinct(t.kind_id)), count(distinct(t.production_year)), count(distinct(ci.id)), count(distinct(ci.person_id)), count(distinct(ci.movie_id)), count(distinct(ci.role_id)), count(distinct(mk.id)), count(distinct(mk.movie_id)), count(distinct(mk.keyword_id)) FROM title t,cast_info ci,movie_keyword mk WHERE t.id=ci.movie_id AND t.id=mk.movie_id AND t.kind_id=1 AND ci.role_id>10 AND mk.keyword_id=348 ;

结果：3091,2824,1,88,3091,2257,2824,1,2824,2824,1
-------------------------------------------------------
查询：SELECT count(*), count(distinct(t.id)), count(distinct(t.kind_id)), count(distinct(t.production_year)), count(distinct(ci.id)), count(distinct(ci.person_id)), count(distinct(ci.movie_id)), count(distinct(ci.role_id)), count(distinct(mk.id)), count(distinct(mk.movie_id)), count(distinct(mk.keyword_id)) FROM title t,cast_info ci,movie_keyword mk WHERE t.id=ci.movie_id AND t.id=mk.movie_id AND t.kind_id=3 AND t.production_year=1979 ;

结果：98898,543,1,1,12688,10040,543,11,3408,543,2124
-------------------------------------------------------
查询：SELECT count(*), count(distinct(t.id)), count(distinct(t.kind_id)), count(distinct(t.production_year)), count(distinct(ci.id)), count(distinct(ci.person_id)), count(distinct(ci.movie_id)), count(distinct(ci.role_id)), count(distinct(mk.id)), count(distinct(mk.movie_id)), count(distinct(mk.keyword_id)) FROM title t,cast_info ci,movie_keyword mk WHERE t.id=ci.movie_id AND t.id=mk.movie_id AND t.production_year=1965 AND ci.person_id>2929851 AND ci.role_id=3 ;

结果：5560,462,4,1,528,300,462,1,4700,462,2915
-------------------------------------------------------
查询：SELECT count(*), count(distinct(t.id)), count(distinct(t.kind_id)), count(distinct(t.production_year)), count(distinct(ci.id)), count(distinct(ci.person_id)), count(distinct(ci.movie_id)), count(distinct(ci.role_id)), count(distinct(mk.id)), count(distinct(mk.movie_id)), count(distinct(mk.keyword_id)) FROM title t,cast_info ci,movie_keyword mk WHERE t.id=ci.movie_id AND t.id=mk.movie_id AND t.kind_id>2 AND ci.person_id>2393454 AND ci.role_id>9 ;

结果：7358944,88682,4,72,631283,150241,88682,2,750137,88682,67474
-------------------------------------------------------
查询：SELECT count(*), count(distinct(t.id)), count(distinct(t.kind_id)), count(distinct(t.production_year)), count(distinct(ci.id)), count(distinct(ci.person_id)), count(distinct(ci.movie_id)), count(distinct(ci.role_id)), count(distinct(mk.id)), count(distinct(mk.movie_id)), count(distinct(mk.keyword_id)) FROM title t,cast_info ci,movie_keyword mk WHERE t.id=ci.movie_id AND t.id=mk.movie_id AND t.kind_id=1 ;

结果：167293044,218113,1,132,5581442,1748671,218113,11,2870558,218113,111244
-------------------------------------------------------
查询：SELECT count(*), count(distinct(t.id)), count(distinct(t.kind_id)), count(distinct(t.production_year)), count(distinct(ci.id)), count(distinct(ci.person_id)), count(distinct(ci.movie_id)), count(distinct(ci.role_id)), count(distinct(mk.id)), count(distinct(mk.movie_id)), count(distinct(mk.keyword_id)) FROM title t,cast_info ci,movie_keyword mk WHERE t.id=ci.movie_id AND t.id=mk.movie_id AND t.kind_id<7 AND ci.person_id<1406304 ;

结果：79488538,321322,5,131,3408814,770322,321322,11,3591145,321322,117550
-------------------------------------------------------
查询：SELECT count(*), count(distinct(t.id)), count(distinct(t.kind_id)), count(distinct(t.production_year)), count(distinct(ci.id)), count(distinct(ci.person_id)), count(distinct(ci.movie_id)), count(distinct(ci.role_id)), count(distinct(mk.id)), count(distinct(mk.movie_id)), count(distinct(mk.keyword_id)) FROM title t,cast_info ci,movie_keyword mk WHERE t.id=ci.movie_id AND t.id=mk.movie_id AND t.production_year>2002 AND ci.person_id>1626104 AND ci.role_id<4 ;

结果：23325175,169807,6,15,1412667,445861,169807,3,1623319,169807,95581
-------------------------------------------------------
查询：SELECT count(*), count(distinct(t.id)), count(distinct(t.kind_id)), count(distinct(t.production_year)), count(distinct(ci.id)), count(distinct(ci.person_id)), count(distinct(ci.movie_id)), count(distinct(ci.role_id)), count(distinct(mk.id)), count(distinct(mk.movie_id)), count(distinct(mk.keyword_id)) FROM title t,cast_info ci,movie_keyword mk WHERE t.id=ci.movie_id AND t.id=mk.movie_id AND ci.role_id>1 ;

结果：135536499,454216,6,132,6841536,1493138,454216,10,4412853,454216,133121
-------------------------------------------------------
查询：SELECT count(*), count(distinct(t.id)), count(distinct(t.kind_id)), count(distinct(t.production_year)), count(distinct(ci.id)), count(distinct(ci.person_id)), count(distinct(ci.movie_id)), count(distinct(ci.role_id)), count(distinct(mk.id)), count(distinct(mk.movie_id)), count(distinct(mk.keyword_id)) FROM title t,cast_info ci,movie_keyword mk WHERE t.id=ci.movie_id AND t.id=mk.movie_id AND ci.role_id>3 AND mk.keyword_id<4918 ;

结果：41480621,374813,6,132,3322405,808930,374813,8,2157015,374813,4911
-------------------------------------------------------
查询：SELECT count(*), count(distinct(t.id)), count(distinct(t.kind_id)), count(distinct(t.production_year)), count(distinct(ci.id)), count(distinct(ci.person_id)), count(distinct(ci.movie_id)), count(distinct(ci.role_id)), count(distinct(mk.id)), count(distinct(mk.movie_id)), count(distinct(mk.keyword_id)) FROM title t,cast_info ci,movie_keyword mk WHERE t.id=ci.movie_id AND t.id=mk.movie_id AND t.kind_id=3 AND t.production_year>2007 AND ci.person_id<2410131 AND ci.role_id=1 ;

结果：498293,4012,1,7,53516,35618,4012,1,29329,4012,11718
-------------------------------------------------------
查询：SELECT count(*), count(distinct(t.id)), count(distinct(t.kind_id)), count(distinct(t.production_year)), count(distinct(ci.id)), count(distinct(ci.person_id)), count(distinct(ci.movie_id)), count(distinct(ci.role_id)), count(distinct(mk.id)), count(distinct(mk.movie_id)), count(distinct(mk.keyword_id)) FROM title t,cast_info ci,movie_keyword mk WHERE t.id=ci.movie_id AND t.id=mk.movie_id AND t.production_year<2010 AND ci.person_id=3111295 AND ci.role_id>2 AND mk.keyword_id>121 ;

结果：152,5,3,3,5,1,5,1,152,5,146
-------------------------------------------------------
查询：SELECT count(*), count(distinct(t.id)), count(distinct(t.kind_id)), count(distinct(t.production_year)), count(distinct(ci.id)), count(distinct(ci.person_id)), count(distinct(ci.movie_id)), count(distinct(ci.role_id)), count(distinct(mk.id)), count(distinct(mk.movie_id)), count(distinct(mk.keyword_id)) FROM title t,cast_info ci,movie_keyword mk WHERE t.id=ci.movie_id AND t.id=mk.movie_id AND t.kind_id>1 AND ci.person_id>1863715 ;

结果：22724803,228910,5,79,2544167,512286,228910,10,1501530,228910,82533
-------------------------------------------------------
查询：SELECT count(*), count(distinct(t.id)), count(distinct(t.kind_id)), count(distinct(t.production_year)), count(distinct(ci.id)), count(distinct(ci.person_id)), count(distinct(ci.movie_id)), count(distinct(ci.role_id)), count(distinct(mk.id)), count(distinct(mk.movie_id)), count(distinct(mk.keyword_id)) FROM title t,cast_info ci,movie_keyword mk WHERE t.id=ci.movie_id AND t.id=mk.movie_id AND t.production_year=2008 AND mk.keyword_id=1045 ;

结果：6356,85,5,1,6356,5882,85,11,85,85,1
-------------------------------------------------------
查询：SELECT count(*), count(distinct(t.id)), count(distinct(t.kind_id)), count(distinct(t.production_year)), count(distinct(ci.id)), count(distinct(ci.person_id)), count(distinct(ci.movie_id)), count(distinct(ci.role_id)), count(distinct(mk.id)), count(distinct(mk.movie_id)), count(distinct(mk.keyword_id)) FROM title t,cast_info ci,movie_keyword mk WHERE t.id=ci.movie_id AND t.id=mk.movie_id AND t.kind_id=7 AND ci.person_id>2460049 AND ci.role_id=9 AND mk.keyword_id=70 ;

结果：422,351,1,42,422,219,351,1,351,351,1
-------------------------------------------------------
查询：SELECT count(*), count(distinct(t.id)), count(distinct(t.kind_id)), count(distinct(t.production_year)), count(distinct(ci.id)), count(distinct(ci.person_id)), count(distinct(ci.movie_id)), count(distinct(ci.role_id)), count(distinct(mk.id)), count(distinct(mk.movie_id)), count(distinct(mk.keyword_id)) FROM title t,cast_info ci,movie_keyword mk WHERE t.id=ci.movie_id AND t.id=mk.movie_id AND t.kind_id<7 AND t.production_year>2010 ;

结果：13648576,25272,5,8,635901,363621,25272,11,211133,25272,37451
-------------------------------------------------------
查询：SELECT count(*), count(distinct(t.id)), count(distinct(t.kind_id)), count(distinct(t.production_year)), count(distinct(ci.id)), count(distinct(ci.person_id)), count(distinct(ci.movie_id)), count(distinct(ci.role_id)), count(distinct(mk.id)), count(distinct(mk.movie_id)), count(distinct(mk.keyword_id)) FROM title t,cast_info ci,movie_keyword mk WHERE t.id=ci.movie_id AND t.id=mk.movie_id AND ci.role_id<2 ;

结果：78120617,388917,6,127,3989122,950809,388917,1,4050745,388917,129289
-------------------------------------------------------
查询：SELECT count(*), count(distinct(t.id)), count(distinct(t.kind_id)), count(distinct(t.production_year)), count(distinct(ci.id)), count(distinct(ci.person_id)), count(distinct(ci.movie_id)), count(distinct(ci.role_id)), count(distinct(mk.id)), count(distinct(mk.movie_id)), count(distinct(mk.keyword_id)) FROM title t,cast_info ci,movie_keyword mk WHERE t.id=ci.movie_id AND t.id=mk.movie_id AND t.kind_id<4 AND t.production_year>2012 AND ci.person_id<265277 AND ci.role_id>10 ;

结果：830,54,1,3,55,47,54,1,829,54,698
-------------------------------------------------------
查询：SELECT count(*), count(distinct(t.id)), count(distinct(t.kind_id)), count(distinct(t.production_year)), count(distinct(ci.id)), count(distinct(ci.person_id)), count(distinct(ci.movie_id)), count(distinct(ci.role_id)), count(distinct(mk.id)), count(distinct(mk.movie_id)), count(distinct(mk.keyword_id)) FROM title t,cast_info ci,movie_keyword mk WHERE t.id=ci.movie_id AND t.id=mk.movie_id AND t.kind_id=1 AND ci.person_id<2521906 ;

结果：112405080,208033,1,131,3938903,1133680,208033,11,2834552,208033,110447
-------------------------------------------------------
查询：SELECT count(*), count(distinct(t.id)), count(distinct(t.kind_id)), count(distinct(t.production_year)), count(distinct(ci.id)), count(distinct(ci.person_id)), count(distinct(ci.movie_id)), count(distinct(ci.role_id)), count(distinct(mk.id)), count(distinct(mk.movie_id)), count(distinct(mk.keyword_id)) FROM title t,cast_info ci,movie_keyword mk WHERE t.id=ci.movie_id AND t.id=mk.movie_id AND t.kind_id=7 AND ci.role_id<4 AND mk.keyword_id=45850 ;

结果：5,1,1,1,5,4,1,3,1,1,1
-------------------------------------------------------
查询：SELECT count(*), count(distinct(t.id)), count(distinct(t.kind_id)), count(distinct(t.production_year)), count(distinct(ci.id)), count(distinct(ci.person_id)), count(distinct(ci.movie_id)), count(distinct(ci.role_id)), count(distinct(mk.id)), count(distinct(mk.movie_id)), count(distinct(mk.keyword_id)) FROM title t,cast_info ci,movie_keyword mk WHERE t.id=ci.movie_id AND t.id=mk.movie_id AND mk.keyword_id=14586 ;

结果：26270,465,6,83,26270,22616,465,11,465,465,1
-------------------------------------------------------
查询：SELECT count(*), count(distinct(t.id)), count(distinct(t.kind_id)), count(distinct(t.production_year)), count(distinct(ci.id)), count(distinct(ci.person_id)), count(distinct(ci.movie_id)), count(distinct(ci.role_id)), count(distinct(mk.id)), count(distinct(mk.movie_id)), count(distinct(mk.keyword_id)) FROM title t,cast_info ci,movie_keyword mk WHERE t.id=ci.movie_id AND t.id=mk.movie_id AND t.production_year>1976 AND mk.keyword_id=229 ;

结果：322144,4847,6,38,321843,194114,4847,11,4851,4847,1
-------------------------------------------------------
查询：SELECT count(*), count(distinct(t.id)), count(distinct(t.kind_id)), count(distinct(t.production_year)), count(distinct(ci.id)), count(distinct(ci.person_id)), count(distinct(ci.movie_id)), count(distinct(ci.role_id)), count(distinct(mk.id)), count(distinct(mk.movie_id)), count(distinct(mk.keyword_id)) FROM title t,cast_info ci,movie_keyword mk WHERE t.id=ci.movie_id AND t.id=mk.movie_id AND t.kind_id<7 AND t.production_year>1900 AND ci.person_id<4006401 AND ci.role_id>1 ;

结果：117751621,356921,5,118,4868795,1393897,356921,10,3780282,356921,119615
-------------------------------------------------------
查询：SELECT count(*), count(distinct(t.id)), count(distinct(t.kind_id)), count(distinct(t.production_year)), count(distinct(ci.id)), count(distinct(ci.person_id)), count(distinct(ci.movie_id)), count(distinct(ci.role_id)), count(distinct(mk.id)), count(distinct(mk.movie_id)), count(distinct(mk.keyword_id)) FROM title t,cast_info ci,movie_keyword mk WHERE t.id=ci.movie_id AND t.id=mk.movie_id AND t.production_year>2009 ;

结果：27723618,52995,6,9,1452261,542562,52995,11,468711,52995,59383
-------------------------------------------------------
查询：SELECT count(*), count(distinct(t.id)), count(distinct(t.kind_id)), count(distinct(t.production_year)), count(distinct(ci.id)), count(distinct(ci.person_id)), count(distinct(ci.movie_id)), count(distinct(ci.role_id)), count(distinct(mk.id)), count(distinct(mk.movie_id)), count(distinct(mk.keyword_id)) FROM title t,cast_info ci,movie_keyword mk WHERE t.id=ci.movie_id AND t.id=mk.movie_id AND t.kind_id<7 AND ci.person_id<3572593 AND ci.role_id>4 ;

结果：38691402,327904,5,132,1571047,430691,327904,7,3628236,327904,118989
-------------------------------------------------------
查询：SELECT count(*), count(distinct(t.id)), count(distinct(t.kind_id)), count(distinct(t.production_year)), count(distinct(ci.id)), count(distinct(ci.person_id)), count(distinct(ci.movie_id)), count(distinct(ci.role_id)), count(distinct(mk.id)), count(distinct(mk.movie_id)), count(distinct(mk.keyword_id)) FROM title t,cast_info ci,movie_keyword mk WHERE t.id=ci.movie_id AND t.id=mk.movie_id AND ci.role_id=3 AND mk.keyword_id>29800 ;

结果：2180731,129032,6,128,454012,144337,129032,1,515847,129032,99263
-------------------------------------------------------
查询：SELECT count(*), count(distinct(t.id)), count(distinct(t.kind_id)), count(distinct(t.production_year)), count(distinct(ci.id)), count(distinct(ci.person_id)), count(distinct(ci.movie_id)), count(distinct(ci.role_id)), count(distinct(mk.id)), count(distinct(mk.movie_id)), count(distinct(mk.keyword_id)) FROM title t,cast_info ci,movie_keyword mk WHERE t.id=ci.movie_id AND t.id=mk.movie_id AND t.kind_id=1 AND t.production_year=1958 AND ci.role_id<2 AND mk.keyword_id<15755 ;

结果：179509,1019,1,1,14727,9282,1019,1,9505,1019,3337
-------------------------------------------------------
查询：SELECT count(*), count(distinct(t.id)), count(distinct(t.kind_id)), count(distinct(t.production_year)), count(distinct(ci.id)), count(distinct(ci.person_id)), count(distinct(ci.movie_id)), count(distinct(ci.role_id)), count(distinct(mk.id)), count(distinct(mk.movie_id)), count(distinct(mk.keyword_id)) FROM title t,cast_info ci,movie_keyword mk WHERE t.id=ci.movie_id AND t.id=mk.movie_id AND t.production_year<2011 AND ci.role_id>10 AND mk.keyword_id<839 ;

结果：309089,64064,6,112,70655,18490,64064,1,284559,64064,799
-------------------------------------------------------
查询：SELECT count(*), count(distinct(t.id)), count(distinct(t.kind_id)), count(distinct(t.production_year)), count(distinct(ci.id)), count(distinct(ci.person_id)), count(distinct(ci.movie_id)), count(distinct(ci.role_id)), count(distinct(mk.id)), count(distinct(mk.movie_id)), count(distinct(mk.keyword_id)) FROM title t,cast_info ci,movie_keyword mk WHERE t.id=ci.movie_id AND t.id=mk.movie_id AND t.kind_id=7 AND t.production_year>2009 AND ci.person_id<831706 AND mk.keyword_id<23945 ;

结果：934166,14301,1,5,102972,20266,14301,11,101787,14301,14050
-------------------------------------------------------
查询：SELECT count(*), count(distinct(t.id)), count(distinct(t.kind_id)), count(distinct(t.production_year)), count(distinct(ci.id)), count(distinct(ci.person_id)), count(distinct(ci.movie_id)), count(distinct(ci.role_id)), count(distinct(mk.id)), count(distinct(mk.movie_id)), count(distinct(mk.keyword_id)) FROM title t,cast_info ci,movie_keyword mk WHERE t.id=ci.movie_id AND t.id=mk.movie_id AND ci.person_id>1970976 AND mk.keyword_id>3219 ;

结果：56341787,323737,6,129,3724028,1018148,323737,10,2520381,323737,128998
-------------------------------------------------------
查询：SELECT count(*), count(distinct(t.id)), count(distinct(t.kind_id)), count(distinct(t.production_year)), count(distinct(ci.id)), count(distinct(ci.person_id)), count(distinct(ci.movie_id)), count(distinct(ci.role_id)), count(distinct(mk.id)), count(distinct(mk.movie_id)), count(distinct(mk.keyword_id)) FROM title t,cast_info ci,movie_keyword mk WHERE t.id=ci.movie_id AND t.id=mk.movie_id AND t.production_year=1988 ;

结果：2108728,4409,6,1,111433,72889,4409,11,46414,4409,13374
-------------------------------------------------------
查询：SELECT count(*), count(distinct(t.id)), count(distinct(t.kind_id)), count(distinct(t.production_year)), count(distinct(ci.id)), count(distinct(ci.person_id)), count(distinct(ci.movie_id)), count(distinct(ci.role_id)), count(distinct(mk.id)), count(distinct(mk.movie_id)), count(distinct(mk.keyword_id)) FROM title t,cast_info ci,movie_keyword mk WHERE t.id=ci.movie_id AND t.id=mk.movie_id AND t.kind_id<7 AND t.production_year=1967 AND ci.person_id>3375721 AND ci.role_id>3 ;

结果：41786,1228,4,1,2698,1975,1228,6,16148,1228,6950
-------------------------------------------------------
查询：SELECT count(*), count(distinct(t.id)), count(distinct(t.kind_id)), count(distinct(t.production_year)), count(distinct(ci.id)), count(distinct(ci.person_id)), count(distinct(ci.movie_id)), count(distinct(ci.role_id)), count(distinct(mk.id)), count(distinct(mk.movie_id)), count(distinct(mk.keyword_id)) FROM title t,cast_info ci,movie_keyword mk WHERE t.id=ci.movie_id AND t.id=mk.movie_id AND t.kind_id=7 ;

结果：21662572,97448,1,72,2728057,321726,97448,11,636096,97448,64239
-------------------------------------------------------
查询：SELECT count(*), count(distinct(t.id)), count(distinct(t.kind_id)), count(distinct(t.production_year)), count(distinct(ci.id)), count(distinct(ci.person_id)), count(distinct(ci.movie_id)), count(distinct(ci.role_id)), count(distinct(mk.id)), count(distinct(mk.movie_id)), count(distinct(mk.keyword_id)) FROM title t,cast_info ci,movie_keyword mk WHERE t.id=ci.movie_id AND t.id=mk.movie_id AND ci.person_id<2222773 AND ci.role_id>3 AND mk.keyword_id<6899 ;

结果：14790305,306047,6,129,1147501,171156,306047,8,2174115,306047,6832
-------------------------------------------------------
查询：SELECT count(*), count(distinct(t.id)), count(distinct(t.kind_id)), count(distinct(t.production_year)), count(distinct(ci.id)), count(distinct(ci.person_id)), count(distinct(ci.movie_id)), count(distinct(ci.role_id)), count(distinct(mk.id)), count(distinct(mk.movie_id)), count(distinct(mk.keyword_id)) FROM title t,cast_info ci,movie_keyword mk WHERE t.id=ci.movie_id AND t.id=mk.movie_id AND t.kind_id=7 AND t.production_year>2003 ;

结果：13609899,44109,1,11,1474355,190674,44109,11,325118,44109,46561
-------------------------------------------------------
查询：SELECT count(*), count(distinct(t.id)), count(distinct(t.kind_id)), count(distinct(t.production_year)), count(distinct(ci.id)), count(distinct(ci.person_id)), count(distinct(ci.movie_id)), count(distinct(ci.role_id)), count(distinct(mk.id)), count(distinct(mk.movie_id)), count(distinct(mk.keyword_id)) FROM title t,cast_info ci,movie_keyword mk WHERE t.id=ci.movie_id AND t.id=mk.movie_id AND t.production_year<2012 AND ci.person_id=3845283 AND ci.role_id>1 AND mk.keyword_id<5279 ;

结果：962,18,1,8,20,1,18,1,913,18,605
-------------------------------------------------------
查询：SELECT count(*), count(distinct(t.id)), count(distinct(t.kind_id)), count(distinct(t.production_year)), count(distinct(ci.id)), count(distinct(ci.person_id)), count(distinct(ci.movie_id)), count(distinct(ci.role_id)), count(distinct(mk.id)), count(distinct(mk.movie_id)), count(distinct(mk.keyword_id)) FROM title t,cast_info ci,movie_keyword mk WHERE t.id=ci.movie_id AND t.id=mk.movie_id AND t.kind_id=2 AND t.production_year<2000 AND ci.person_id>1037540 AND ci.role_id>4 ;

结果：414229,10761,1,62,49824,33373,10761,7,58479,10761,11788
-------------------------------------------------------
查询：SELECT count(*), count(distinct(t.id)), count(distinct(t.kind_id)), count(distinct(t.production_year)), count(distinct(ci.id)), count(distinct(ci.person_id)), count(distinct(ci.movie_id)), count(distinct(ci.role_id)), count(distinct(mk.id)), count(distinct(mk.movie_id)), count(distinct(mk.keyword_id)) FROM title t,cast_info ci,movie_keyword mk WHERE t.id=ci.movie_id AND t.id=mk.movie_id AND t.kind_id=7 AND t.production_year=1983 AND ci.person_id>729091 AND ci.role_id<3 ;

结果：37996,564,1,1,5326,2800,564,2,3566,564,1688
-------------------------------------------------------
查询：SELECT count(*), count(distinct(t.id)), count(distinct(t.kind_id)), count(distinct(t.production_year)), count(distinct(ci.id)), count(distinct(ci.person_id)), count(distinct(ci.movie_id)), count(distinct(ci.role_id)), count(distinct(mk.id)), count(distinct(mk.movie_id)), count(distinct(mk.keyword_id)) FROM title t,cast_info ci,movie_keyword mk WHERE t.id=ci.movie_id AND t.id=mk.movie_id AND ci.person_id<3168726 AND ci.role_id=2 AND mk.keyword_id=1613 ;

结果：7951,1152,6,79,7951,6014,1152,1,1152,1152,1
-------------------------------------------------------
查询：SELECT count(*), count(distinct(t.id)), count(distinct(t.kind_id)), count(distinct(t.production_year)), count(distinct(ci.id)), count(distinct(ci.person_id)), count(distinct(ci.movie_id)), count(distinct(ci.role_id)), count(distinct(mk.id)), count(distinct(mk.movie_id)), count(distinct(mk.keyword_id)) FROM title t,cast_info ci,movie_keyword mk WHERE t.id=ci.movie_id AND t.id=mk.movie_id AND mk.keyword_id<508 ;

结果：25322234,293788,6,129,7334689,1790291,293788,11,641586,293788,507
-------------------------------------------------------
查询：SELECT count(*), count(distinct(t.id)), count(distinct(t.kind_id)), count(distinct(t.production_year)), count(distinct(ci.id)), count(distinct(ci.person_id)), count(distinct(ci.movie_id)), count(distinct(ci.role_id)), count(distinct(mk.id)), count(distinct(mk.movie_id)), count(distinct(mk.keyword_id)) FROM title t,cast_info ci,movie_keyword mk WHERE t.id=ci.movie_id AND t.id=mk.movie_id AND t.kind_id>1 AND t.production_year=2013 ;

结果：460007,2246,5,1,53707,24920,2246,11,14242,2246,6666
-------------------------------------------------------
查询：SELECT count(*), count(distinct(t.id)), count(distinct(t.kind_id)), count(distinct(t.production_year)), count(distinct(ci.id)), count(distinct(ci.person_id)), count(distinct(ci.movie_id)), count(distinct(ci.role_id)), count(distinct(mk.id)), count(distinct(mk.movie_id)), count(distinct(mk.keyword_id)) FROM title t,cast_info ci,movie_keyword mk WHERE t.id=ci.movie_id AND t.id=mk.movie_id AND ci.person_id>1979024 AND ci.role_id<3 ;

结果：26287216,340731,6,124,1576185,415956,340731,1,3759720,340731,121487
-------------------------------------------------------
查询：SELECT count(*), count(distinct(t.id)), count(distinct(t.kind_id)), count(distinct(t.production_year)), count(distinct(ci.id)), count(distinct(ci.person_id)), count(distinct(ci.movie_id)), count(distinct(ci.role_id)), count(distinct(mk.id)), count(distinct(mk.movie_id)), count(distinct(mk.keyword_id)) FROM title t,cast_info ci,movie_keyword mk WHERE t.id=ci.movie_id AND t.id=mk.movie_id AND t.production_year=1999 AND ci.role_id<2 ;

结果：1804368,8277,6,1,84691,50401,8277,1,91323,8277,19584
-------------------------------------------------------
查询：SELECT count(*), count(distinct(t.id)), count(distinct(t.kind_id)), count(distinct(t.production_year)), count(distinct(ci.id)), count(distinct(ci.person_id)), count(distinct(ci.movie_id)), count(distinct(ci.role_id)), count(distinct(mk.id)), count(distinct(mk.movie_id)), count(distinct(mk.keyword_id)) FROM title t,cast_info ci,movie_keyword mk WHERE t.id=ci.movie_id AND t.id=mk.movie_id AND t.kind_id=7 AND t.production_year>1945 AND mk.keyword_id>1045 ;

结果：17521928,79053,1,68,2360289,283858,79053,11,502167,79053,62831
-------------------------------------------------------
查询：SELECT count(*), count(distinct(t.id)), count(distinct(t.kind_id)), count(distinct(t.production_year)), count(distinct(ci.id)), count(distinct(ci.person_id)), count(distinct(ci.movie_id)), count(distinct(ci.role_id)), count(distinct(mk.id)), count(distinct(mk.movie_id)), count(distinct(mk.keyword_id)) FROM title t,cast_info ci,movie_keyword mk WHERE t.id=ci.movie_id AND t.id=mk.movie_id AND mk.keyword_id=685 ;

结果：46039,713,6,93,46039,38214,713,11,713,713,1
-------------------------------------------------------
查询：SELECT count(*), count(distinct(t.id)), count(distinct(t.kind_id)), count(distinct(t.production_year)), count(distinct(ci.id)), count(distinct(ci.person_id)), count(distinct(ci.movie_id)), count(distinct(ci.role_id)), count(distinct(mk.id)), count(distinct(mk.movie_id)), count(distinct(mk.keyword_id)) FROM title t,cast_info ci,movie_keyword mk WHERE t.id=ci.movie_id AND t.id=mk.movie_id AND t.kind_id>1 AND ci.person_id>1488136 AND mk.keyword_id=13219 ;

结果：47,1,1,1,47,40,1,7,1,1,1
-------------------------------------------------------
查询：SELECT count(*), count(distinct(t.id)), count(distinct(t.kind_id)), count(distinct(t.production_year)), count(distinct(ci.id)), count(distinct(ci.person_id)), count(distinct(ci.movie_id)), count(distinct(ci.role_id)), count(distinct(mk.id)), count(distinct(mk.movie_id)), count(distinct(mk.keyword_id)) FROM title t,cast_info ci,movie_keyword mk WHERE t.id=ci.movie_id AND t.id=mk.movie_id AND ci.person_id<2879603 AND ci.role_id<5 ;

结果：131001787,442866,6,130,7273549,1616997,442866,4,4355199,442866,132582
-------------------------------------------------------
查询：SELECT count(*), count(distinct(t.id)), count(distinct(t.kind_id)), count(distinct(t.production_year)), count(distinct(ci.id)), count(distinct(ci.person_id)), count(distinct(ci.movie_id)), count(distinct(ci.role_id)), count(distinct(mk.id)), count(distinct(mk.movie_id)), count(distinct(mk.keyword_id)) FROM title t,cast_info ci,movie_keyword mk WHERE t.id=ci.movie_id AND t.id=mk.movie_id AND t.production_year>2005 ;

结果：72437945,135131,6,13,3516833,1048910,135131,11,1235668,135131,87511
-------------------------------------------------------
查询：SELECT count(*), count(distinct(t.id)), count(distinct(t.kind_id)), count(distinct(t.production_year)), count(distinct(ci.id)), count(distinct(ci.person_id)), count(distinct(ci.movie_id)), count(distinct(ci.role_id)), count(distinct(mk.id)), count(distinct(mk.movie_id)), count(distinct(mk.keyword_id)) FROM title t,cast_info ci,movie_keyword mk WHERE t.id=ci.movie_id AND t.id=mk.movie_id AND t.production_year=2004 AND mk.keyword_id=631 ;

结果：445,10,2,1,445,385,10,11,10,10,1
-------------------------------------------------------
查询：SELECT count(*), count(distinct(t.id)), count(distinct(t.kind_id)), count(distinct(t.production_year)), count(distinct(ci.id)), count(distinct(ci.person_id)), count(distinct(ci.movie_id)), count(distinct(ci.role_id)), count(distinct(mk.id)), count(distinct(mk.movie_id)), count(distinct(mk.keyword_id)) FROM title t,cast_info ci,movie_keyword mk WHERE t.id=ci.movie_id AND t.id=mk.movie_id AND t.kind_id<7 AND ci.person_id<417476 AND ci.role_id>2 AND mk.keyword_id<8355 ;

结果：3898091,119854,5,127,245601,38887,119854,9,1335820,119854,7826
-------------------------------------------------------
查询：SELECT count(*), count(distinct(t.id)), count(distinct(t.kind_id)), count(distinct(t.production_year)), count(distinct(ci.id)), count(distinct(ci.person_id)), count(distinct(ci.movie_id)), count(distinct(ci.role_id)), count(distinct(mk.id)), count(distinct(mk.movie_id)), count(distinct(mk.keyword_id)) FROM title t,cast_info ci,movie_keyword mk WHERE t.id=ci.movie_id AND t.id=mk.movie_id AND t.kind_id>1 AND t.production_year>0 AND ci.person_id<3215035 AND ci.role_id=2 ;

结果：8697836,191915,5,76,1089337,222656,191915,1,1271094,191915,73433
-------------------------------------------------------
查询：SELECT count(*), count(distinct(t.id)), count(distinct(t.kind_id)), count(distinct(t.production_year)), count(distinct(ci.id)), count(distinct(ci.person_id)), count(distinct(ci.movie_id)), count(distinct(ci.role_id)), count(distinct(mk.id)), count(distinct(mk.movie_id)), count(distinct(mk.keyword_id)) FROM title t,cast_info ci,movie_keyword mk WHERE t.id=ci.movie_id AND t.id=mk.movie_id AND mk.keyword_id<112774 ;

结果：211982713,461708,6,132,10824159,2312210,461708,11,4420401,461708,112257
-------------------------------------------------------
查询：SELECT count(*), count(distinct(t.id)), count(distinct(t.kind_id)), count(distinct(t.production_year)), count(distinct(ci.id)), count(distinct(ci.person_id)), count(distinct(ci.movie_id)), count(distinct(ci.role_id)), count(distinct(mk.id)), count(distinct(mk.movie_id)), count(distinct(mk.keyword_id)) FROM title t,cast_info ci,movie_keyword mk WHERE t.id=ci.movie_id AND t.id=mk.movie_id AND t.kind_id=7 AND t.production_year<1977 AND ci.role_id>1 AND mk.keyword_id>3218 ;

结果：651941,10976,1,33,111484,16404,10976,10,57434,10976,18820
-------------------------------------------------------
查询：SELECT count(*), count(distinct(t.id)), count(distinct(t.kind_id)), count(distinct(t.production_year)), count(distinct(ci.id)), count(distinct(ci.person_id)), count(distinct(ci.movie_id)), count(distinct(ci.role_id)), count(distinct(mk.id)), count(distinct(mk.movie_id)), count(distinct(mk.keyword_id)) FROM title t,cast_info ci,movie_keyword mk WHERE t.id=ci.movie_id AND t.id=mk.movie_id AND ci.person_id<3052619 AND ci.role_id<8 AND mk.keyword_id=579 ;

结果：15643,400,6,63,15643,14033,400,7,400,400,1
-------------------------------------------------------
查询：SELECT count(*), count(distinct(t.id)), count(distinct(t.kind_id)), count(distinct(t.production_year)), count(distinct(ci.id)), count(distinct(ci.person_id)), count(distinct(ci.movie_id)), count(distinct(ci.role_id)), count(distinct(mk.id)), count(distinct(mk.movie_id)), count(distinct(mk.keyword_id)) FROM title t,cast_info ci,movie_keyword mk WHERE t.id=ci.movie_id AND t.id=mk.movie_id AND t.kind_id>4 AND t.production_year=2012 ;

结果：1251971,3693,2,1,118531,31894,3693,11,31462,3693,12024
-------------------------------------------------------
查询：SELECT count(*), count(distinct(t.id)), count(distinct(t.kind_id)), count(distinct(t.production_year)), count(distinct(ci.id)), count(distinct(ci.person_id)), count(distinct(ci.movie_id)), count(distinct(ci.role_id)), count(distinct(mk.id)), count(distinct(mk.movie_id)), count(distinct(mk.keyword_id)) FROM title t,cast_info ci,movie_keyword mk WHERE t.id=ci.movie_id AND t.id=mk.movie_id AND t.production_year>1998 AND mk.keyword_id>16242 ;

结果：31241573,138115,6,20,3742682,1130393,138115,11,557162,138115,90538
-------------------------------------------------------
查询：SELECT count(*), count(distinct(t.id)), count(distinct(t.kind_id)), count(distinct(t.production_year)), count(distinct(ci.id)), count(distinct(ci.person_id)), count(distinct(ci.movie_id)), count(distinct(ci.role_id)), count(distinct(mk.id)), count(distinct(mk.movie_id)), count(distinct(mk.keyword_id)) FROM title t,cast_info ci,movie_keyword mk WHERE t.id=ci.movie_id AND t.id=mk.movie_id AND ci.role_id=11 AND mk.keyword_id<37162 ;

结果：1652490,92153,6,122,101060,24749,92153,1,1533115,92153,32583
-------------------------------------------------------
查询：SELECT count(*), count(distinct(t.id)), count(distinct(t.kind_id)), count(distinct(t.production_year)), count(distinct(ci.id)), count(distinct(ci.person_id)), count(distinct(ci.movie_id)), count(distinct(ci.role_id)), count(distinct(mk.id)), count(distinct(mk.movie_id)), count(distinct(mk.keyword_id)) FROM title t,cast_info ci,movie_keyword mk WHERE t.id=ci.movie_id AND t.id=mk.movie_id AND t.kind_id>1 AND ci.person_id<2722328 AND ci.role_id>10 ;

结果：163945,15828,5,65,16214,1991,15828,1,161699,15828,31042
-------------------------------------------------------
查询：SELECT count(*), count(distinct(t.id)), count(distinct(t.kind_id)), count(distinct(t.production_year)), count(distinct(ci.id)), count(distinct(ci.person_id)), count(distinct(ci.movie_id)), count(distinct(ci.role_id)), count(distinct(mk.id)), count(distinct(mk.movie_id)), count(distinct(mk.keyword_id)) FROM title t,cast_info ci,movie_keyword mk WHERE t.id=ci.movie_id AND t.id=mk.movie_id AND ci.person_id>1690195 AND ci.role_id<7 AND mk.keyword_id>2276 ;

结果：36042325,345418,6,129,2958945,809347,345418,6,2820212,345418,129482
-------------------------------------------------------
查询：SELECT count(*), count(distinct(t.id)), count(distinct(t.kind_id)), count(distinct(t.production_year)), count(distinct(ci.id)), count(distinct(ci.person_id)), count(distinct(ci.movie_id)), count(distinct(ci.role_id)), count(distinct(mk.id)), count(distinct(mk.movie_id)), count(distinct(mk.keyword_id)) FROM title t,cast_info ci,movie_keyword mk WHERE t.id=ci.movie_id AND t.id=mk.movie_id AND mk.keyword_id=72594 ;

结果：8581,127,3,23,8581,6963,127,11,127,127,1
-------------------------------------------------------
查询：SELECT count(*), count(distinct(t.id)), count(distinct(t.kind_id)), count(distinct(t.production_year)), count(distinct(ci.id)), count(distinct(ci.person_id)), count(distinct(ci.movie_id)), count(distinct(ci.role_id)), count(distinct(mk.id)), count(distinct(mk.movie_id)), count(distinct(mk.keyword_id)) FROM title t,cast_info ci,movie_keyword mk WHERE t.id=ci.movie_id AND t.id=mk.movie_id AND mk.keyword_id<1042 ;

结果：43788060,344519,6,132,8497933,1982743,344519,11,1025088,344519,1041
-------------------------------------------------------
查询：SELECT count(*), count(distinct(t.id)), count(distinct(t.kind_id)), count(distinct(t.production_year)), count(distinct(ci.id)), count(distinct(ci.person_id)), count(distinct(ci.movie_id)), count(distinct(ci.role_id)), count(distinct(mk.id)), count(distinct(mk.movie_id)), count(distinct(mk.keyword_id)) FROM title t,cast_info ci,movie_keyword mk WHERE t.id=ci.movie_id AND t.id=mk.movie_id AND ci.person_id>324050 AND ci.role_id<2 AND mk.keyword_id>2487 ;

结果：41052305,302324,6,126,2685625,694467,302324,1,2575365,302324,126011
-------------------------------------------------------
查询：SELECT count(*), count(distinct(t.id)), count(distinct(t.kind_id)), count(distinct(t.production_year)), count(distinct(ci.id)), count(distinct(ci.person_id)), count(distinct(ci.movie_id)), count(distinct(ci.role_id)), count(distinct(mk.id)), count(distinct(mk.movie_id)), count(distinct(mk.keyword_id)) FROM title t,cast_info ci,movie_keyword mk WHERE t.id=ci.movie_id AND t.id=mk.movie_id AND ci.person_id<1545964 AND mk.keyword_id<229 ;

结果：4610920,149889,6,125,2184011,508692,149889,11,241346,149889,228
-------------------------------------------------------
查询：SELECT count(*), count(distinct(t.id)), count(distinct(t.kind_id)), count(distinct(t.production_year)), count(distinct(ci.id)), count(distinct(ci.person_id)), count(distinct(ci.movie_id)), count(distinct(ci.role_id)), count(distinct(mk.id)), count(distinct(mk.movie_id)), count(distinct(mk.keyword_id)) FROM title t,cast_info ci,movie_keyword mk WHERE t.id=ci.movie_id AND t.id=mk.movie_id AND t.kind_id<7 AND t.production_year=2007 AND ci.role_id<3 ;

结果：4356722,13305,5,1,182032,120853,13305,2,143329,13305,25965
-------------------------------------------------------
查询：SELECT count(*), count(distinct(t.id)), count(distinct(t.kind_id)), count(distinct(t.production_year)), count(distinct(ci.id)), count(distinct(ci.person_id)), count(distinct(ci.movie_id)), count(distinct(ci.role_id)), count(distinct(mk.id)), count(distinct(mk.movie_id)), count(distinct(mk.keyword_id)) FROM title t,cast_info ci,movie_keyword mk WHERE t.id=ci.movie_id AND t.id=mk.movie_id AND ci.role_id=5 ;

结果：3608985,240372,6,130,281881,73503,240372,1,3194178,240372,120934
-------------------------------------------------------
查询：SELECT count(*), count(distinct(t.id)), count(distinct(t.kind_id)), count(distinct(t.production_year)), count(distinct(ci.id)), count(distinct(ci.person_id)), count(distinct(ci.movie_id)), count(distinct(ci.role_id)), count(distinct(mk.id)), count(distinct(mk.movie_id)), count(distinct(mk.keyword_id)) FROM title t,cast_info ci,movie_keyword mk WHERE t.id=ci.movie_id AND t.id=mk.movie_id AND t.kind_id<7 AND t.production_year>1998 AND ci.person_id<417817 AND mk.keyword_id>347 ;

结果：10960165,102161,5,19,433674,141409,102161,11,1257617,102161,84884
-------------------------------------------------------
查询：SELECT count(*), count(distinct(t.id)), count(distinct(t.kind_id)), count(distinct(t.production_year)), count(distinct(ci.id)), count(distinct(ci.person_id)), count(distinct(ci.movie_id)), count(distinct(ci.role_id)), count(distinct(mk.id)), count(distinct(mk.movie_id)), count(distinct(mk.keyword_id)) FROM title t,cast_info ci,movie_keyword mk WHERE t.id=ci.movie_id AND t.id=mk.movie_id AND t.production_year<2008 ;

结果：162255423,362464,6,121,8270455,1756992,362464,11,3552698,362464,114640
-------------------------------------------------------
查询：SELECT count(*), count(distinct(t.id)), count(distinct(t.kind_id)), count(distinct(t.production_year)), count(distinct(ci.id)), count(distinct(ci.person_id)), count(distinct(ci.movie_id)), count(distinct(ci.role_id)), count(distinct(mk.id)), count(distinct(mk.movie_id)), count(distinct(mk.keyword_id)) FROM title t,cast_info ci,movie_keyword mk WHERE t.id=ci.movie_id AND t.id=mk.movie_id AND t.production_year=2012 AND ci.role_id<9 AND mk.keyword_id=4032 ;

结果：1825,54,4,1,1825,1462,54,8,54,54,1
-------------------------------------------------------
查询：SELECT count(*), count(distinct(t.id)), count(distinct(t.kind_id)), count(distinct(t.production_year)), count(distinct(ci.id)), count(distinct(ci.person_id)), count(distinct(ci.movie_id)), count(distinct(ci.role_id)), count(distinct(mk.id)), count(distinct(mk.movie_id)), count(distinct(mk.keyword_id)) FROM title t,cast_info ci,movie_keyword mk WHERE t.id=ci.movie_id AND t.id=mk.movie_id AND t.kind_id<7 AND t.production_year<2011 AND mk.keyword_id<37100 ;

结果：158685785,328824,5,124,7355977,1988368,328824,11,3202246,328824,32558
-------------------------------------------------------
查询：SELECT count(*), count(distinct(t.id)), count(distinct(t.kind_id)), count(distinct(t.production_year)), count(distinct(ci.id)), count(distinct(ci.person_id)), count(distinct(ci.movie_id)), count(distinct(ci.role_id)), count(distinct(mk.id)), count(distinct(mk.movie_id)), count(distinct(mk.keyword_id)) FROM title t,cast_info ci,movie_keyword mk WHERE t.id=ci.movie_id AND t.id=mk.movie_id AND t.kind_id<2 AND ci.role_id>1 ;

结果：104768399,217013,1,132,3379531,1106066,217013,10,2866724,217013,111178
-------------------------------------------------------
查询：SELECT count(*), count(distinct(t.id)), count(distinct(t.kind_id)), count(distinct(t.production_year)), count(distinct(ci.id)), count(distinct(ci.person_id)), count(distinct(ci.movie_id)), count(distinct(ci.role_id)), count(distinct(mk.id)), count(distinct(mk.movie_id)), count(distinct(mk.keyword_id)) FROM title t,cast_info ci,movie_keyword mk WHERE t.id=ci.movie_id AND t.id=mk.movie_id AND t.kind_id=1 AND ci.person_id=289868 ;

结果：2,1,1,1,1,1,1,1,2,1,2
-------------------------------------------------------
查询：SELECT count(*), count(distinct(t.id)), count(distinct(t.kind_id)), count(distinct(t.production_year)), count(distinct(ci.id)), count(distinct(ci.person_id)), count(distinct(ci.movie_id)), count(distinct(ci.role_id)), count(distinct(mk.id)), count(distinct(mk.movie_id)), count(distinct(mk.keyword_id)) FROM title t,cast_info ci,movie_keyword mk WHERE t.id=ci.movie_id AND t.id=mk.movie_id AND mk.keyword_id<26723 ;

结果：180157621,447648,6,132,10587724,2279182,447648,11,3752653,447648,26664
-------------------------------------------------------
查询：SELECT count(*), count(distinct(t.id)), count(distinct(t.kind_id)), count(distinct(t.production_year)), count(distinct(ci.id)), count(distinct(ci.person_id)), count(distinct(ci.movie_id)), count(distinct(ci.role_id)), count(distinct(mk.id)), count(distinct(mk.movie_id)), count(distinct(mk.keyword_id)) FROM title t,cast_info ci,movie_keyword mk WHERE t.id=ci.movie_id AND t.id=mk.movie_id AND mk.keyword_id>2553 ;

